{"D:\\ENIGMA\\HandsOn\\Week_5\\exam\\dbConn.js": {"path":"D:\\ENIGMA\\HandsOn\\Week_5\\exam\\dbConn.js","statementMap":{"0":{"start":{"line":1,"column":18},"end":{"line":1,"column":38}},"1":{"start":{"line":2,"column":15},"end":{"line":2,"column":32}},"2":{"start":{"line":4,"column":0},"end":{"line":4,"column":15}},"3":{"start":{"line":5,"column":19},"end":{"line":12,"column":6}},"4":{"start":{"line":14,"column":0},"end":{"line":14,"column":28}}},"fnMap":{},"branchMap":{},"s":{"0":3,"1":3,"2":3,"3":3,"4":3},"f":{},"b":{},"_coverageSchema":"1a1c01bbd47fc00a2c39e90264f33305004495a9","hash":"799d8f48f55e1e0ce119583d7640f6173d44d407"}
,"D:\\ENIGMA\\HandsOn\\Week_5\\exam\\logger.js": {"path":"D:\\ENIGMA\\HandsOn\\Week_5\\exam\\logger.js","statementMap":{"0":{"start":{"line":1,"column":15},"end":{"line":1,"column":32}},"1":{"start":{"line":2,"column":15},"end":{"line":2,"column":32}},"2":{"start":{"line":4,"column":0},"end":{"line":4,"column":16}},"3":{"start":{"line":5,"column":18},"end":{"line":20,"column":2}},"4":{"start":{"line":21,"column":18},"end":{"line":35,"column":1}},"5":{"start":{"line":22,"column":4},"end":{"line":34,"column":5}},"6":{"start":{"line":24,"column":12},"end":{"line":24,"column":66}},"7":{"start":{"line":25,"column":12},"end":{"line":25,"column":18}},"8":{"start":{"line":27,"column":12},"end":{"line":27,"column":66}},"9":{"start":{"line":28,"column":12},"end":{"line":28,"column":18}},"10":{"start":{"line":30,"column":12},"end":{"line":30,"column":65}},"11":{"start":{"line":31,"column":12},"end":{"line":31,"column":18}},"12":{"start":{"line":33,"column":12},"end":{"line":33,"column":66}},"13":{"start":{"line":38,"column":0},"end":{"line":38,"column":27}}},"fnMap":{"0":{"name":"(anonymous_0)","decl":{"start":{"line":21,"column":18},"end":{"line":21,"column":19}},"loc":{"start":{"line":21,"column":31},"end":{"line":35,"column":1}},"line":21}},"branchMap":{"0":{"loc":{"start":{"line":22,"column":4},"end":{"line":34,"column":5}},"type":"switch","locations":[{"start":{"line":23,"column":8},"end":{"line":25,"column":18}},{"start":{"line":26,"column":8},"end":{"line":28,"column":18}},{"start":{"line":29,"column":8},"end":{"line":31,"column":18}},{"start":{"line":32,"column":8},"end":{"line":33,"column":66}}],"line":22}},"s":{"0":1,"1":1,"2":1,"3":1,"4":1,"5":0,"6":0,"7":0,"8":0,"9":0,"10":0,"11":0,"12":0,"13":1},"f":{"0":0},"b":{"0":[0,0,0,0]},"_coverageSchema":"1a1c01bbd47fc00a2c39e90264f33305004495a9","hash":"6a1a4f69ab0a5bbbef265b5b66143544407bc15d"}
,"D:\\ENIGMA\\HandsOn\\Week_5\\exam\\server.js": {"path":"D:\\ENIGMA\\HandsOn\\Week_5\\exam\\server.js","statementMap":{"0":{"start":{"line":1,"column":13},"end":{"line":1,"column":28}},"1":{"start":{"line":2,"column":16},"end":{"line":2,"column":34}},"2":{"start":{"line":3,"column":17},"end":{"line":3,"column":50}},"3":{"start":{"line":4,"column":24},"end":{"line":4,"column":64}},"4":{"start":{"line":5,"column":22},"end":{"line":5,"column":66}},"5":{"start":{"line":6,"column":18},"end":{"line":6,"column":47}},"6":{"start":{"line":8,"column":0},"end":{"line":8,"column":18}},"7":{"start":{"line":9,"column":12},"end":{"line":9,"column":21}},"8":{"start":{"line":10,"column":0},"end":{"line":10,"column":23}},"9":{"start":{"line":11,"column":0},"end":{"line":11,"column":19}},"10":{"start":{"line":12,"column":15},"end":{"line":12,"column":37}},"11":{"start":{"line":13,"column":0},"end":{"line":18,"column":3}},"12":{"start":{"line":14,"column":4},"end":{"line":17,"column":7}},"13":{"start":{"line":19,"column":0},"end":{"line":19,"column":24}}},"fnMap":{"0":{"name":"(anonymous_0)","decl":{"start":{"line":13,"column":19},"end":{"line":13,"column":20}},"loc":{"start":{"line":13,"column":32},"end":{"line":18,"column":1}},"line":13}},"branchMap":{},"s":{"0":1,"1":1,"2":1,"3":1,"4":1,"5":1,"6":1,"7":1,"8":1,"9":1,"10":1,"11":1,"12":0,"13":1},"f":{"0":0},"b":{},"_coverageSchema":"1a1c01bbd47fc00a2c39e90264f33305004495a9","hash":"69071f2f3f8295679d089b7e0d8febb4dfa5f9ef"}
,"D:\\ENIGMA\\HandsOn\\Week_5\\exam\\src\\controllers\\info.controller.js": {"path":"D:\\ENIGMA\\HandsOn\\Week_5\\exam\\src\\controllers\\info.controller.js","statementMap":{"0":{"start":{"line":1,"column":20},"end":{"line":5,"column":1}},"1":{"start":{"line":2,"column":18},"end":{"line":2,"column":45}},"2":{"start":{"line":3,"column":4},"end":{"line":3,"column":20}},"3":{"start":{"line":4,"column":4},"end":{"line":4,"column":19}},"4":{"start":{"line":7,"column":23},"end":{"line":11,"column":1}},"5":{"start":{"line":8,"column":18},"end":{"line":8,"column":48}},"6":{"start":{"line":9,"column":4},"end":{"line":9,"column":20}},"7":{"start":{"line":10,"column":4},"end":{"line":10,"column":19}},"8":{"start":{"line":13,"column":0},"end":{"line":13,"column":46}}},"fnMap":{"0":{"name":"(anonymous_0)","decl":{"start":{"line":1,"column":20},"end":{"line":1,"column":21}},"loc":{"start":{"line":1,"column":44},"end":{"line":5,"column":1}},"line":1},"1":{"name":"(anonymous_1)","decl":{"start":{"line":7,"column":23},"end":{"line":7,"column":24}},"loc":{"start":{"line":7,"column":47},"end":{"line":11,"column":1}},"line":7}},"branchMap":{},"s":{"0":1,"1":1,"2":1,"3":1,"4":1,"5":1,"6":1,"7":1,"8":1},"f":{"0":1,"1":1},"b":{},"_coverageSchema":"1a1c01bbd47fc00a2c39e90264f33305004495a9","hash":"3aeddbc1b2c44b88d2bb696d1346e94a3a8a2927"}
,"D:\\ENIGMA\\HandsOn\\Week_5\\exam\\src\\controllers\\menu.controller.js": {"path":"D:\\ENIGMA\\HandsOn\\Week_5\\exam\\src\\controllers\\menu.controller.js","statementMap":{"0":{"start":{"line":1,"column":19},"end":{"line":5,"column":1}},"1":{"start":{"line":2,"column":18},"end":{"line":2,"column":44}},"2":{"start":{"line":3,"column":4},"end":{"line":3,"column":20}},"3":{"start":{"line":4,"column":4},"end":{"line":4,"column":19}},"4":{"start":{"line":7,"column":19},"end":{"line":12,"column":1}},"5":{"start":{"line":8,"column":17},"end":{"line":8,"column":25}},"6":{"start":{"line":9,"column":18},"end":{"line":9,"column":48}},"7":{"start":{"line":10,"column":4},"end":{"line":10,"column":19}},"8":{"start":{"line":11,"column":4},"end":{"line":11,"column":19}},"9":{"start":{"line":14,"column":19},"end":{"line":19,"column":1}},"10":{"start":{"line":15,"column":22},"end":{"line":15,"column":30}},"11":{"start":{"line":16,"column":17},"end":{"line":16,"column":52}},"12":{"start":{"line":17,"column":4},"end":{"line":17,"column":18}},"13":{"start":{"line":18,"column":4},"end":{"line":18,"column":19}},"14":{"start":{"line":21,"column":19},"end":{"line":26,"column":1}},"15":{"start":{"line":22,"column":19},"end":{"line":22,"column":32}},"16":{"start":{"line":23,"column":17},"end":{"line":23,"column":49}},"17":{"start":{"line":24,"column":4},"end":{"line":24,"column":25}},"18":{"start":{"line":25,"column":4},"end":{"line":25,"column":19}},"19":{"start":{"line":28,"column":0},"end":{"line":28,"column":62}}},"fnMap":{"0":{"name":"(anonymous_0)","decl":{"start":{"line":1,"column":19},"end":{"line":1,"column":20}},"loc":{"start":{"line":1,"column":43},"end":{"line":5,"column":1}},"line":1},"1":{"name":"(anonymous_1)","decl":{"start":{"line":7,"column":19},"end":{"line":7,"column":20}},"loc":{"start":{"line":7,"column":43},"end":{"line":12,"column":1}},"line":7},"2":{"name":"(anonymous_2)","decl":{"start":{"line":14,"column":19},"end":{"line":14,"column":20}},"loc":{"start":{"line":14,"column":43},"end":{"line":19,"column":1}},"line":14},"3":{"name":"(anonymous_3)","decl":{"start":{"line":21,"column":19},"end":{"line":21,"column":20}},"loc":{"start":{"line":21,"column":43},"end":{"line":26,"column":1}},"line":21}},"branchMap":{},"s":{"0":2,"1":2,"2":2,"3":2,"4":2,"5":2,"6":2,"7":2,"8":2,"9":2,"10":1,"11":1,"12":1,"13":1,"14":2,"15":0,"16":0,"17":0,"18":0,"19":2},"f":{"0":2,"1":2,"2":1,"3":0},"b":{},"_coverageSchema":"1a1c01bbd47fc00a2c39e90264f33305004495a9","hash":"e199314f0e4f22d1bad5dcee1225ca2a424826cb"}
,"D:\\ENIGMA\\HandsOn\\Week_5\\exam\\src\\controllers\\transaction.controller.js": {"path":"D:\\ENIGMA\\HandsOn\\Week_5\\exam\\src\\controllers\\transaction.controller.js","statementMap":{"0":{"start":{"line":1,"column":26},"end":{"line":5,"column":1}},"1":{"start":{"line":2,"column":25},"end":{"line":2,"column":58}},"2":{"start":{"line":3,"column":4},"end":{"line":3,"column":27}},"3":{"start":{"line":4,"column":4},"end":{"line":4,"column":19}},"4":{"start":{"line":7,"column":26},"end":{"line":12,"column":1}},"5":{"start":{"line":8,"column":24},"end":{"line":8,"column":32}},"6":{"start":{"line":9,"column":25},"end":{"line":9,"column":69}},"7":{"start":{"line":10,"column":4},"end":{"line":10,"column":26}},"8":{"start":{"line":11,"column":4},"end":{"line":11,"column":19}},"9":{"start":{"line":14,"column":26},"end":{"line":19,"column":1}},"10":{"start":{"line":15,"column":29},"end":{"line":15,"column":37}},"11":{"start":{"line":16,"column":24},"end":{"line":16,"column":73}},"12":{"start":{"line":17,"column":4},"end":{"line":17,"column":25}},"13":{"start":{"line":18,"column":4},"end":{"line":18,"column":19}},"14":{"start":{"line":21,"column":26},"end":{"line":26,"column":1}},"15":{"start":{"line":22,"column":26},"end":{"line":22,"column":39}},"16":{"start":{"line":23,"column":24},"end":{"line":23,"column":70}},"17":{"start":{"line":24,"column":4},"end":{"line":24,"column":32}},"18":{"start":{"line":25,"column":4},"end":{"line":25,"column":19}},"19":{"start":{"line":28,"column":0},"end":{"line":28,"column":90}}},"fnMap":{"0":{"name":"(anonymous_0)","decl":{"start":{"line":1,"column":26},"end":{"line":1,"column":27}},"loc":{"start":{"line":1,"column":50},"end":{"line":5,"column":1}},"line":1},"1":{"name":"(anonymous_1)","decl":{"start":{"line":7,"column":26},"end":{"line":7,"column":27}},"loc":{"start":{"line":7,"column":50},"end":{"line":12,"column":1}},"line":7},"2":{"name":"(anonymous_2)","decl":{"start":{"line":14,"column":26},"end":{"line":14,"column":27}},"loc":{"start":{"line":14,"column":50},"end":{"line":19,"column":1}},"line":14},"3":{"name":"(anonymous_3)","decl":{"start":{"line":21,"column":26},"end":{"line":21,"column":27}},"loc":{"start":{"line":21,"column":50},"end":{"line":26,"column":1}},"line":21}},"branchMap":{},"s":{"0":1,"1":1,"2":1,"3":1,"4":1,"5":1,"6":1,"7":1,"8":1,"9":1,"10":0,"11":0,"12":0,"13":0,"14":1,"15":0,"16":0,"17":0,"18":0,"19":1},"f":{"0":1,"1":1,"2":0,"3":0},"b":{},"_coverageSchema":"1a1c01bbd47fc00a2c39e90264f33305004495a9","hash":"cda0f1a3ffff6b669ca2c1766f6871555e5b1738"}
,"D:\\ENIGMA\\HandsOn\\Week_5\\exam\\src\\controllers\\user.controller.js": {"path":"D:\\ENIGMA\\HandsOn\\Week_5\\exam\\src\\controllers\\user.controller.js","statementMap":{"0":{"start":{"line":1,"column":27},"end":{"line":14,"column":1}},"1":{"start":{"line":2,"column":4},"end":{"line":12,"column":5}},"2":{"start":{"line":3,"column":21},"end":{"line":3,"column":29}},"3":{"start":{"line":4,"column":25},"end":{"line":4,"column":57}},"4":{"start":{"line":5,"column":8},"end":{"line":9,"column":9}},"5":{"start":{"line":6,"column":12},"end":{"line":6,"column":31}},"6":{"start":{"line":8,"column":12},"end":{"line":8,"column":32}},"7":{"start":{"line":11,"column":8},"end":{"line":11,"column":28}},"8":{"start":{"line":15,"column":0},"end":{"line":17,"column":2}}},"fnMap":{"0":{"name":"(anonymous_0)","decl":{"start":{"line":1,"column":27},"end":{"line":1,"column":28}},"loc":{"start":{"line":1,"column":56},"end":{"line":14,"column":1}},"line":1}},"branchMap":{"0":{"loc":{"start":{"line":5,"column":8},"end":{"line":9,"column":9}},"type":"if","locations":[{"start":{"line":5,"column":8},"end":{"line":9,"column":9}},{"start":{"line":5,"column":8},"end":{"line":9,"column":9}}],"line":5}},"s":{"0":1,"1":8,"2":8,"3":8,"4":8,"5":8,"6":0,"7":0,"8":1},"f":{"0":8},"b":{"0":[8,0]},"_coverageSchema":"1a1c01bbd47fc00a2c39e90264f33305004495a9","hash":"3b7bc3a67af7edfc1b0c285e9a19c975b924cf2c"}
,"D:\\ENIGMA\\HandsOn\\Week_5\\exam\\src\\events\\logging.listener.js": {"path":"D:\\ENIGMA\\HandsOn\\Week_5\\exam\\src\\events\\logging.listener.js","statementMap":{"0":{"start":{"line":1,"column":18},"end":{"line":1,"column":41}},"1":{"start":{"line":2,"column":17},"end":{"line":2,"column":39}},"2":{"start":{"line":4,"column":24},"end":{"line":17,"column":1}},"3":{"start":{"line":5,"column":4},"end":{"line":7,"column":7}},"4":{"start":{"line":6,"column":8},"end":{"line":6,"column":88}},"5":{"start":{"line":9,"column":4},"end":{"line":12,"column":7}},"6":{"start":{"line":10,"column":8},"end":{"line":10,"column":88}},"7":{"start":{"line":11,"column":8},"end":{"line":11,"column":24}},"8":{"start":{"line":14,"column":4},"end":{"line":16,"column":7}},"9":{"start":{"line":15,"column":8},"end":{"line":15,"column":87}},"10":{"start":{"line":19,"column":0},"end":{"line":19,"column":33}}},"fnMap":{"0":{"name":"(anonymous_0)","decl":{"start":{"line":4,"column":24},"end":{"line":4,"column":25}},"loc":{"start":{"line":4,"column":30},"end":{"line":17,"column":1}},"line":4},"1":{"name":"(anonymous_1)","decl":{"start":{"line":5,"column":29},"end":{"line":5,"column":30}},"loc":{"start":{"line":5,"column":43},"end":{"line":7,"column":5}},"line":5},"2":{"name":"(anonymous_2)","decl":{"start":{"line":9,"column":29},"end":{"line":9,"column":30}},"loc":{"start":{"line":9,"column":43},"end":{"line":12,"column":5}},"line":9},"3":{"name":"(anonymous_3)","decl":{"start":{"line":14,"column":28},"end":{"line":14,"column":29}},"loc":{"start":{"line":14,"column":42},"end":{"line":16,"column":5}},"line":14}},"branchMap":{},"s":{"0":1,"1":1,"2":1,"3":1,"4":0,"5":1,"6":0,"7":0,"8":1,"9":0,"10":1},"f":{"0":1,"1":0,"2":0,"3":0},"b":{},"_coverageSchema":"1a1c01bbd47fc00a2c39e90264f33305004495a9","hash":"371b56a5e8cbc4c6b5c1fd542c9cc18051d22d4f"}
,"D:\\ENIGMA\\HandsOn\\Week_5\\exam\\src\\events\\myEmitter.js": {"path":"D:\\ENIGMA\\HandsOn\\Week_5\\exam\\src\\events\\myEmitter.js","statementMap":{"0":{"start":{"line":1,"column":21},"end":{"line":1,"column":38}},"1":{"start":{"line":2,"column":18},"end":{"line":2,"column":36}},"2":{"start":{"line":4,"column":0},"end":{"line":4,"column":25}}},"fnMap":{},"branchMap":{},"s":{"0":3,"1":3,"2":3},"f":{},"b":{},"_coverageSchema":"1a1c01bbd47fc00a2c39e90264f33305004495a9","hash":"43acc2c5ac2f854396ea8398ef51b9682f2acc08"}
,"D:\\ENIGMA\\HandsOn\\Week_5\\exam\\src\\middlewares\\app-middlewares.js": {"path":"D:\\ENIGMA\\HandsOn\\Week_5\\exam\\src\\middlewares\\app-middlewares.js","statementMap":{"0":{"start":{"line":1,"column":16},"end":{"line":1,"column":34}},"1":{"start":{"line":2,"column":15},"end":{"line":2,"column":31}},"2":{"start":{"line":4,"column":0},"end":{"line":4,"column":27}},"3":{"start":{"line":5,"column":0},"end":{"line":5,"column":22}}},"fnMap":{},"branchMap":{},"s":{"0":1,"1":1,"2":1,"3":1},"f":{},"b":{},"_coverageSchema":"1a1c01bbd47fc00a2c39e90264f33305004495a9","hash":"4990cee97a59f6a6d8618be762c4f334644126c1"}
,"D:\\ENIGMA\\HandsOn\\Week_5\\exam\\src\\middlewares\\token-validation.js": {"path":"D:\\ENIGMA\\HandsOn\\Week_5\\exam\\src\\middlewares\\token-validation.js","statementMap":{"0":{"start":{"line":1,"column":12},"end":{"line":1,"column":35}},"1":{"start":{"line":3,"column":24},"end":{"line":26,"column":1}},"2":{"start":{"line":4,"column":28},"end":{"line":4,"column":39}},"3":{"start":{"line":5,"column":4},"end":{"line":24,"column":5}},"4":{"start":{"line":6,"column":8},"end":{"line":21,"column":9}},"5":{"start":{"line":7,"column":26},"end":{"line":7,"column":70}},"6":{"start":{"line":8,"column":12},"end":{"line":20,"column":15}},"7":{"start":{"line":9,"column":16},"end":{"line":19,"column":17}},"8":{"start":{"line":10,"column":20},"end":{"line":10,"column":40}},"9":{"start":{"line":12,"column":41},"end":{"line":12,"column":48}},"10":{"start":{"line":13,"column":20},"end":{"line":17,"column":21}},"11":{"start":{"line":14,"column":24},"end":{"line":14,"column":43}},"12":{"start":{"line":16,"column":24},"end":{"line":16,"column":31}},"13":{"start":{"line":23,"column":8},"end":{"line":23,"column":28}},"14":{"start":{"line":28,"column":0},"end":{"line":28,"column":33}}},"fnMap":{"0":{"name":"(anonymous_0)","decl":{"start":{"line":3,"column":24},"end":{"line":3,"column":25}},"loc":{"start":{"line":3,"column":44},"end":{"line":26,"column":1}},"line":3},"1":{"name":"(anonymous_1)","decl":{"start":{"line":8,"column":54},"end":{"line":8,"column":55}},"loc":{"start":{"line":8,"column":72},"end":{"line":20,"column":13}},"line":8}},"branchMap":{"0":{"loc":{"start":{"line":5,"column":4},"end":{"line":24,"column":5}},"type":"if","locations":[{"start":{"line":5,"column":4},"end":{"line":24,"column":5}},{"start":{"line":5,"column":4},"end":{"line":24,"column":5}}],"line":5},"1":{"loc":{"start":{"line":6,"column":8},"end":{"line":21,"column":9}},"type":"if","locations":[{"start":{"line":6,"column":8},"end":{"line":21,"column":9}},{"start":{"line":6,"column":8},"end":{"line":21,"column":9}}],"line":6},"2":{"loc":{"start":{"line":9,"column":16},"end":{"line":19,"column":17}},"type":"if","locations":[{"start":{"line":9,"column":16},"end":{"line":19,"column":17}},{"start":{"line":9,"column":16},"end":{"line":19,"column":17}}],"line":9},"3":{"loc":{"start":{"line":13,"column":20},"end":{"line":17,"column":21}},"type":"if","locations":[{"start":{"line":13,"column":20},"end":{"line":17,"column":21}},{"start":{"line":13,"column":20},"end":{"line":17,"column":21}}],"line":13}},"s":{"0":1,"1":1,"2":8,"3":8,"4":6,"5":6,"6":6,"7":6,"8":0,"9":6,"10":6,"11":0,"12":6,"13":2,"14":1},"f":{"0":8,"1":6},"b":{"0":[6,2],"1":[6,0],"2":[0,6],"3":[0,6]},"_coverageSchema":"1a1c01bbd47fc00a2c39e90264f33305004495a9","hash":"f97c1c1a83e3fe91c073dd3a37a6994b43ac1743"}
,"D:\\ENIGMA\\HandsOn\\Week_5\\exam\\src\\models\\index.js": {"path":"D:\\ENIGMA\\HandsOn\\Week_5\\exam\\src\\models\\index.js","statementMap":{"0":{"start":{"line":1,"column":13},"end":{"line":1,"column":36}},"1":{"start":{"line":2,"column":20},"end":{"line":2,"column":50}},"2":{"start":{"line":4,"column":20},"end":{"line":7,"column":1}},"3":{"start":{"line":5,"column":4},"end":{"line":5,"column":53}},"4":{"start":{"line":6,"column":4},"end":{"line":6,"column":55}},"5":{"start":{"line":9,"column":0},"end":{"line":9,"column":29}}},"fnMap":{"0":{"name":"dbAssociation","decl":{"start":{"line":4,"column":29},"end":{"line":4,"column":42}},"loc":{"start":{"line":4,"column":44},"end":{"line":7,"column":1}},"line":4}},"branchMap":{},"s":{"0":1,"1":1,"2":1,"3":8,"4":8,"5":1},"f":{"0":8},"b":{},"_coverageSchema":"1a1c01bbd47fc00a2c39e90264f33305004495a9","hash":"6da2ba5783ebf94872b7771c02e2277185d0f815"}
,"D:\\ENIGMA\\HandsOn\\Week_5\\exam\\src\\models\\menu.model.js": {"path":"D:\\ENIGMA\\HandsOn\\Week_5\\exam\\src\\models\\menu.model.js","statementMap":{"0":{"start":{"line":1,"column":18},"end":{"line":1,"column":38}},"1":{"start":{"line":2,"column":19},"end":{"line":2,"column":42}},"2":{"start":{"line":4,"column":13},"end":{"line":27,"column":2}},"3":{"start":{"line":29,"column":0},"end":{"line":29,"column":22}}},"fnMap":{},"branchMap":{},"s":{"0":3,"1":3,"2":3,"3":3},"f":{},"b":{},"_coverageSchema":"1a1c01bbd47fc00a2c39e90264f33305004495a9","hash":"a18a5c0b6b0f83ff1d1f702593b333aecb5c917c"}
,"D:\\ENIGMA\\HandsOn\\Week_5\\exam\\src\\models\\transaction.model.js": {"path":"D:\\ENIGMA\\HandsOn\\Week_5\\exam\\src\\models\\transaction.model.js","statementMap":{"0":{"start":{"line":1,"column":18},"end":{"line":1,"column":38}},"1":{"start":{"line":2,"column":19},"end":{"line":2,"column":42}},"2":{"start":{"line":4,"column":20},"end":{"line":27,"column":2}},"3":{"start":{"line":29,"column":0},"end":{"line":29,"column":29}}},"fnMap":{},"branchMap":{},"s":{"0":3,"1":3,"2":3,"3":3},"f":{},"b":{},"_coverageSchema":"1a1c01bbd47fc00a2c39e90264f33305004495a9","hash":"293f54845a6828744d4833ed959389e8e2e5af55"}
,"D:\\ENIGMA\\HandsOn\\Week_5\\exam\\src\\models\\user.model.js": {"path":"D:\\ENIGMA\\HandsOn\\Week_5\\exam\\src\\models\\user.model.js","statementMap":{"0":{"start":{"line":1,"column":18},"end":{"line":1,"column":38}},"1":{"start":{"line":2,"column":19},"end":{"line":2,"column":42}},"2":{"start":{"line":4,"column":14},"end":{"line":21,"column":2}},"3":{"start":{"line":23,"column":0},"end":{"line":23,"column":23}}},"fnMap":{},"branchMap":{},"s":{"0":2,"1":2,"2":2,"3":2},"f":{},"b":{},"_coverageSchema":"1a1c01bbd47fc00a2c39e90264f33305004495a9","hash":"90c2df1796714306b875faa05c1ae2d6e4856700"}
,"D:\\ENIGMA\\HandsOn\\Week_5\\exam\\src\\routes\\auth.route.js": {"path":"D:\\ENIGMA\\HandsOn\\Week_5\\exam\\src\\routes\\auth.route.js","statementMap":{"0":{"start":{"line":1,"column":16},"end":{"line":1,"column":34}},"1":{"start":{"line":2,"column":15},"end":{"line":2,"column":31}},"2":{"start":{"line":3,"column":20},"end":{"line":3,"column":55}},"3":{"start":{"line":4,"column":29},"end":{"line":4,"column":70}},"4":{"start":{"line":5,"column":13},"end":{"line":5,"column":44}},"5":{"start":{"line":7,"column":20},"end":{"line":7,"column":41}},"6":{"start":{"line":9,"column":0},"end":{"line":9,"column":80}},"7":{"start":{"line":9,"column":37},"end":{"line":9,"column":78}},"8":{"start":{"line":11,"column":0},"end":{"line":11,"column":24}}},"fnMap":{"0":{"name":"(anonymous_0)","decl":{"start":{"line":9,"column":17},"end":{"line":9,"column":18}},"loc":{"start":{"line":9,"column":37},"end":{"line":9,"column":78}},"line":9}},"branchMap":{},"s":{"0":1,"1":1,"2":1,"3":1,"4":1,"5":1,"6":1,"7":8,"8":1},"f":{"0":8},"b":{},"_coverageSchema":"1a1c01bbd47fc00a2c39e90264f33305004495a9","hash":"2945406d3120c9430e9f945b2b43c3ac711d493b"}
,"D:\\ENIGMA\\HandsOn\\Week_5\\exam\\src\\routes\\index.js": {"path":"D:\\ENIGMA\\HandsOn\\Week_5\\exam\\src\\routes\\index.js","statementMap":{"0":{"start":{"line":1,"column":16},"end":{"line":1,"column":34}},"1":{"start":{"line":2,"column":15},"end":{"line":2,"column":31}},"2":{"start":{"line":6,"column":19},"end":{"line":6,"column":42}},"3":{"start":{"line":7,"column":19},"end":{"line":7,"column":42}},"4":{"start":{"line":8,"column":26},"end":{"line":8,"column":56}},"5":{"start":{"line":9,"column":19},"end":{"line":9,"column":42}},"6":{"start":{"line":11,"column":0},"end":{"line":11,"column":30}},"7":{"start":{"line":13,"column":0},"end":{"line":13,"column":32}},"8":{"start":{"line":14,"column":0},"end":{"line":14,"column":46}},"9":{"start":{"line":15,"column":0},"end":{"line":15,"column":30}},"10":{"start":{"line":17,"column":0},"end":{"line":17,"column":23}}},"fnMap":{},"branchMap":{},"s":{"0":1,"1":1,"2":1,"3":1,"4":1,"5":1,"6":1,"7":1,"8":1,"9":1,"10":1},"f":{},"b":{},"_coverageSchema":"1a1c01bbd47fc00a2c39e90264f33305004495a9","hash":"70320071459e9fb29fcf3bdf46eaa08254884d82"}
,"D:\\ENIGMA\\HandsOn\\Week_5\\exam\\src\\routes\\info.route.js": {"path":"D:\\ENIGMA\\HandsOn\\Week_5\\exam\\src\\routes\\info.route.js","statementMap":{"0":{"start":{"line":1,"column":16},"end":{"line":1,"column":34}},"1":{"start":{"line":2,"column":15},"end":{"line":2,"column":31}},"2":{"start":{"line":3,"column":20},"end":{"line":3,"column":55}},"3":{"start":{"line":4,"column":24},"end":{"line":4,"column":66}},"4":{"start":{"line":5,"column":40},"end":{"line":5,"column":81}},"5":{"start":{"line":7,"column":20},"end":{"line":7,"column":37}},"6":{"start":{"line":8,"column":0},"end":{"line":8,"column":27}},"7":{"start":{"line":9,"column":0},"end":{"line":9,"column":80}},"8":{"start":{"line":9,"column":44},"end":{"line":9,"column":78}},"9":{"start":{"line":10,"column":0},"end":{"line":10,"column":86}},"10":{"start":{"line":10,"column":47},"end":{"line":10,"column":84}},"11":{"start":{"line":12,"column":0},"end":{"line":12,"column":24}}},"fnMap":{"0":{"name":"(anonymous_0)","decl":{"start":{"line":9,"column":24},"end":{"line":9,"column":25}},"loc":{"start":{"line":9,"column":44},"end":{"line":9,"column":78}},"line":9},"1":{"name":"(anonymous_1)","decl":{"start":{"line":10,"column":27},"end":{"line":10,"column":28}},"loc":{"start":{"line":10,"column":47},"end":{"line":10,"column":84}},"line":10}},"branchMap":{},"s":{"0":1,"1":1,"2":1,"3":1,"4":1,"5":1,"6":1,"7":1,"8":1,"9":1,"10":1,"11":1},"f":{"0":1,"1":1},"b":{},"_coverageSchema":"1a1c01bbd47fc00a2c39e90264f33305004495a9","hash":"c2b08ca427322c50111c898ca1a09a46d1c6ad20"}
,"D:\\ENIGMA\\HandsOn\\Week_5\\exam\\src\\routes\\menu.route.js": {"path":"D:\\ENIGMA\\HandsOn\\Week_5\\exam\\src\\routes\\menu.route.js","statementMap":{"0":{"start":{"line":1,"column":16},"end":{"line":1,"column":34}},"1":{"start":{"line":2,"column":15},"end":{"line":2,"column":31}},"2":{"start":{"line":3,"column":20},"end":{"line":3,"column":55}},"3":{"start":{"line":4,"column":24},"end":{"line":4,"column":66}},"4":{"start":{"line":5,"column":59},"end":{"line":5,"column":100}},"5":{"start":{"line":6,"column":13},"end":{"line":6,"column":44}},"6":{"start":{"line":8,"column":20},"end":{"line":8,"column":41}},"7":{"start":{"line":10,"column":0},"end":{"line":10,"column":28}},"8":{"start":{"line":11,"column":0},"end":{"line":11,"column":70}},"9":{"start":{"line":11,"column":36},"end":{"line":11,"column":69}},"10":{"start":{"line":12,"column":0},"end":{"line":12,"column":71}},"11":{"start":{"line":12,"column":37},"end":{"line":12,"column":70}},"12":{"start":{"line":13,"column":0},"end":{"line":13,"column":70}},"13":{"start":{"line":13,"column":36},"end":{"line":13,"column":69}},"14":{"start":{"line":14,"column":0},"end":{"line":14,"column":76}},"15":{"start":{"line":14,"column":42},"end":{"line":14,"column":75}},"16":{"start":{"line":16,"column":0},"end":{"line":16,"column":23}}},"fnMap":{"0":{"name":"(anonymous_0)","decl":{"start":{"line":11,"column":16},"end":{"line":11,"column":17}},"loc":{"start":{"line":11,"column":36},"end":{"line":11,"column":69}},"line":11},"1":{"name":"(anonymous_1)","decl":{"start":{"line":12,"column":17},"end":{"line":12,"column":18}},"loc":{"start":{"line":12,"column":37},"end":{"line":12,"column":70}},"line":12},"2":{"name":"(anonymous_2)","decl":{"start":{"line":13,"column":16},"end":{"line":13,"column":17}},"loc":{"start":{"line":13,"column":36},"end":{"line":13,"column":69}},"line":13},"3":{"name":"(anonymous_3)","decl":{"start":{"line":14,"column":22},"end":{"line":14,"column":23}},"loc":{"start":{"line":14,"column":42},"end":{"line":14,"column":75}},"line":14}},"branchMap":{},"s":{"0":1,"1":1,"2":1,"3":1,"4":1,"5":1,"6":1,"7":1,"8":1,"9":1,"10":1,"11":1,"12":1,"13":0,"14":1,"15":0,"16":1},"f":{"0":1,"1":1,"2":0,"3":0},"b":{},"_coverageSchema":"1a1c01bbd47fc00a2c39e90264f33305004495a9","hash":"a31d3292f578397fb330a546af183fda7061269e"}
,"D:\\ENIGMA\\HandsOn\\Week_5\\exam\\src\\routes\\transaction.route.js": {"path":"D:\\ENIGMA\\HandsOn\\Week_5\\exam\\src\\routes\\transaction.route.js","statementMap":{"0":{"start":{"line":1,"column":16},"end":{"line":1,"column":34}},"1":{"start":{"line":2,"column":15},"end":{"line":2,"column":31}},"2":{"start":{"line":3,"column":27},"end":{"line":3,"column":69}},"3":{"start":{"line":4,"column":24},"end":{"line":4,"column":66}},"4":{"start":{"line":5,"column":87},"end":{"line":5,"column":135}},"5":{"start":{"line":6,"column":20},"end":{"line":6,"column":58}},"6":{"start":{"line":8,"column":27},"end":{"line":8,"column":62}},"7":{"start":{"line":10,"column":0},"end":{"line":10,"column":28}},"8":{"start":{"line":11,"column":0},"end":{"line":11,"column":84}},"9":{"start":{"line":11,"column":36},"end":{"line":11,"column":83}},"10":{"start":{"line":12,"column":0},"end":{"line":12,"column":85}},"11":{"start":{"line":12,"column":37},"end":{"line":12,"column":84}},"12":{"start":{"line":13,"column":0},"end":{"line":13,"column":84}},"13":{"start":{"line":13,"column":36},"end":{"line":13,"column":83}},"14":{"start":{"line":14,"column":0},"end":{"line":14,"column":90}},"15":{"start":{"line":14,"column":42},"end":{"line":14,"column":89}},"16":{"start":{"line":16,"column":0},"end":{"line":16,"column":23}}},"fnMap":{"0":{"name":"(anonymous_0)","decl":{"start":{"line":11,"column":16},"end":{"line":11,"column":17}},"loc":{"start":{"line":11,"column":36},"end":{"line":11,"column":83}},"line":11},"1":{"name":"(anonymous_1)","decl":{"start":{"line":12,"column":17},"end":{"line":12,"column":18}},"loc":{"start":{"line":12,"column":37},"end":{"line":12,"column":84}},"line":12},"2":{"name":"(anonymous_2)","decl":{"start":{"line":13,"column":16},"end":{"line":13,"column":17}},"loc":{"start":{"line":13,"column":36},"end":{"line":13,"column":83}},"line":13},"3":{"name":"(anonymous_3)","decl":{"start":{"line":14,"column":22},"end":{"line":14,"column":23}},"loc":{"start":{"line":14,"column":42},"end":{"line":14,"column":89}},"line":14}},"branchMap":{},"s":{"0":1,"1":1,"2":1,"3":1,"4":1,"5":1,"6":1,"7":1,"8":1,"9":1,"10":1,"11":1,"12":1,"13":0,"14":1,"15":0,"16":1},"f":{"0":1,"1":1,"2":0,"3":0},"b":{},"_coverageSchema":"1a1c01bbd47fc00a2c39e90264f33305004495a9","hash":"93a6959bb0f09f01f3da71e976cc8cd80c2d7926"}
,"D:\\ENIGMA\\HandsOn\\Week_5\\exam\\src\\services\\auth.service.js": {"path":"D:\\ENIGMA\\HandsOn\\Week_5\\exam\\src\\services\\auth.service.js","statementMap":{"0":{"start":{"line":1,"column":12},"end":{"line":1,"column":35}},"1":{"start":{"line":2,"column":15},"end":{"line":2,"column":32}},"2":{"start":{"line":3,"column":17},"end":{"line":3,"column":47}},"3":{"start":{"line":5,"column":15},"end":{"line":5,"column":34}},"4":{"start":{"line":7,"column":0},"end":{"line":7,"column":16}},"5":{"start":{"line":11,"column":8},"end":{"line":11,"column":24}},"6":{"start":{"line":15,"column":39},"end":{"line":15,"column":43}},"7":{"start":{"line":16,"column":8},"end":{"line":16,"column":29}},"8":{"start":{"line":18,"column":8},"end":{"line":49,"column":9}},"9":{"start":{"line":19,"column":12},"end":{"line":23,"column":15}},"10":{"start":{"line":24,"column":12},"end":{"line":24,"column":33}},"11":{"start":{"line":25,"column":34},"end":{"line":25,"column":81}},"12":{"start":{"line":27,"column":12},"end":{"line":42,"column":13}},"13":{"start":{"line":28,"column":34},"end":{"line":28,"column":39}},"14":{"start":{"line":29,"column":36},"end":{"line":31,"column":18}},"15":{"start":{"line":32,"column":16},"end":{"line":32,"column":40}},"16":{"start":{"line":33,"column":16},"end":{"line":39,"column":18}},"17":{"start":{"line":41,"column":16},"end":{"line":41,"column":32}},"18":{"start":{"line":44,"column":12},"end":{"line":47,"column":15}},"19":{"start":{"line":50,"column":8},"end":{"line":50,"column":24}},"20":{"start":{"line":54,"column":0},"end":{"line":54,"column":29}}},"fnMap":{"0":{"name":"(anonymous_0)","decl":{"start":{"line":10,"column":4},"end":{"line":10,"column":5}},"loc":{"start":{"line":10,"column":22},"end":{"line":12,"column":5}},"line":10},"1":{"name":"(anonymous_1)","decl":{"start":{"line":14,"column":4},"end":{"line":14,"column":5}},"loc":{"start":{"line":14,"column":29},"end":{"line":51,"column":5}},"line":14}},"branchMap":{"0":{"loc":{"start":{"line":27,"column":12},"end":{"line":42,"column":13}},"type":"if","locations":[{"start":{"line":27,"column":12},"end":{"line":42,"column":13}},{"start":{"line":27,"column":12},"end":{"line":42,"column":13}}],"line":27}},"s":{"0":2,"1":2,"2":2,"3":2,"4":2,"5":2,"6":9,"7":9,"8":9,"9":9,"10":9,"11":9,"12":8,"13":8,"14":8,"15":8,"16":8,"17":0,"18":1,"19":9,"20":2},"f":{"0":2,"1":9},"b":{"0":[8,0]},"_coverageSchema":"1a1c01bbd47fc00a2c39e90264f33305004495a9","hash":"229c194525e937890bec2ef5721d003c562baca3"}
,"D:\\ENIGMA\\HandsOn\\Week_5\\exam\\src\\services\\info.service.js": {"path":"D:\\ENIGMA\\HandsOn\\Week_5\\exam\\src\\services\\info.service.js","statementMap":{"0":{"start":{"line":1,"column":15},"end":{"line":1,"column":32}},"1":{"start":{"line":2,"column":17},"end":{"line":2,"column":47}},"2":{"start":{"line":3,"column":13},"end":{"line":3,"column":44}},"3":{"start":{"line":4,"column":20},"end":{"line":4,"column":58}},"4":{"start":{"line":5,"column":18},"end":{"line":5,"column":41}},"5":{"start":{"line":7,"column":0},"end":{"line":7,"column":15}},"6":{"start":{"line":12,"column":8},"end":{"line":21,"column":9}},"7":{"start":{"line":14,"column":12},"end":{"line":14,"column":195}},"8":{"start":{"line":16,"column":12},"end":{"line":19,"column":14}},"9":{"start":{"line":20,"column":12},"end":{"line":20,"column":30}},"10":{"start":{"line":21,"column":10},"end":{"line":21,"column":23}},"11":{"start":{"line":26,"column":8},"end":{"line":34,"column":9}},"12":{"start":{"line":27,"column":12},"end":{"line":27,"column":198}},"13":{"start":{"line":29,"column":12},"end":{"line":32,"column":14}},"14":{"start":{"line":33,"column":12},"end":{"line":33,"column":30}},"15":{"start":{"line":34,"column":10},"end":{"line":34,"column":23}},"16":{"start":{"line":38,"column":0},"end":{"line":38,"column":29}}},"fnMap":{"0":{"name":"(anonymous_0)","decl":{"start":{"line":10,"column":4},"end":{"line":10,"column":5}},"loc":{"start":{"line":10,"column":24},"end":{"line":22,"column":5}},"line":10},"1":{"name":"(anonymous_1)","decl":{"start":{"line":24,"column":4},"end":{"line":24,"column":5}},"loc":{"start":{"line":24,"column":27},"end":{"line":35,"column":5}},"line":24}},"branchMap":{},"s":{"0":3,"1":3,"2":3,"3":3,"4":3,"5":3,"6":1,"7":1,"8":0,"9":0,"10":1,"11":1,"12":1,"13":0,"14":0,"15":1,"16":3},"f":{"0":1,"1":1},"b":{},"_coverageSchema":"1a1c01bbd47fc00a2c39e90264f33305004495a9","hash":"4881e849eaa6d65c0e8194322d8171eca467f486"}
,"D:\\ENIGMA\\HandsOn\\Week_5\\exam\\src\\services\\menu.service.js": {"path":"D:\\ENIGMA\\HandsOn\\Week_5\\exam\\src\\services\\menu.service.js","statementMap":{"0":{"start":{"line":1,"column":15},"end":{"line":1,"column":32}},"1":{"start":{"line":2,"column":17},"end":{"line":2,"column":47}},"2":{"start":{"line":3,"column":13},"end":{"line":3,"column":44}},"3":{"start":{"line":5,"column":0},"end":{"line":5,"column":15}},"4":{"start":{"line":9,"column":8},"end":{"line":9,"column":24}},"5":{"start":{"line":14,"column":8},"end":{"line":22,"column":9}},"6":{"start":{"line":15,"column":12},"end":{"line":15,"column":46}},"7":{"start":{"line":17,"column":12},"end":{"line":20,"column":14}},"8":{"start":{"line":21,"column":12},"end":{"line":21,"column":30}},"9":{"start":{"line":22,"column":10},"end":{"line":22,"column":23}},"10":{"start":{"line":27,"column":8},"end":{"line":40,"column":9}},"11":{"start":{"line":28,"column":12},"end":{"line":33,"column":14}},"12":{"start":{"line":35,"column":12},"end":{"line":38,"column":14}},"13":{"start":{"line":39,"column":12},"end":{"line":39,"column":30}},"14":{"start":{"line":40,"column":10},"end":{"line":40,"column":23}},"15":{"start":{"line":45,"column":8},"end":{"line":61,"column":9}},"16":{"start":{"line":46,"column":12},"end":{"line":54,"column":14}},"17":{"start":{"line":56,"column":12},"end":{"line":59,"column":14}},"18":{"start":{"line":61,"column":10},"end":{"line":61,"column":23}},"19":{"start":{"line":66,"column":21},"end":{"line":66,"column":53}},"20":{"start":{"line":67,"column":8},"end":{"line":75,"column":9}},"21":{"start":{"line":68,"column":12},"end":{"line":68,"column":41}},"22":{"start":{"line":70,"column":12},"end":{"line":73,"column":14}},"23":{"start":{"line":75,"column":10},"end":{"line":75,"column":23}},"24":{"start":{"line":79,"column":0},"end":{"line":79,"column":29}}},"fnMap":{"0":{"name":"(anonymous_0)","decl":{"start":{"line":8,"column":4},"end":{"line":8,"column":5}},"loc":{"start":{"line":8,"column":22},"end":{"line":10,"column":5}},"line":8},"1":{"name":"(anonymous_1)","decl":{"start":{"line":12,"column":4},"end":{"line":12,"column":5}},"loc":{"start":{"line":12,"column":23},"end":{"line":23,"column":5}},"line":12},"2":{"name":"(anonymous_2)","decl":{"start":{"line":25,"column":4},"end":{"line":25,"column":5}},"loc":{"start":{"line":25,"column":27},"end":{"line":41,"column":5}},"line":25},"3":{"name":"(anonymous_3)","decl":{"start":{"line":43,"column":4},"end":{"line":43,"column":5}},"loc":{"start":{"line":43,"column":32},"end":{"line":62,"column":5}},"line":43},"4":{"name":"(anonymous_4)","decl":{"start":{"line":64,"column":4},"end":{"line":64,"column":5}},"loc":{"start":{"line":64,"column":29},"end":{"line":76,"column":5}},"line":64}},"branchMap":{},"s":{"0":3,"1":3,"2":3,"3":3,"4":3,"5":3,"6":3,"7":1,"8":1,"9":2,"10":3,"11":3,"12":1,"13":1,"14":2,"15":3,"16":3,"17":2,"18":3,"19":2,"20":1,"21":1,"22":1,"23":1,"24":3},"f":{"0":3,"1":3,"2":3,"3":3,"4":2},"b":{},"_coverageSchema":"1a1c01bbd47fc00a2c39e90264f33305004495a9","hash":"d6ee17c1237ef3a597be1fbcf463a3e69325a7fc"}
,"D:\\ENIGMA\\HandsOn\\Week_5\\exam\\src\\services\\transaction.service.js": {"path":"D:\\ENIGMA\\HandsOn\\Week_5\\exam\\src\\services\\transaction.service.js","statementMap":{"0":{"start":{"line":1,"column":15},"end":{"line":1,"column":32}},"1":{"start":{"line":2,"column":17},"end":{"line":2,"column":47}},"2":{"start":{"line":3,"column":20},"end":{"line":3,"column":58}},"3":{"start":{"line":5,"column":0},"end":{"line":5,"column":15}},"4":{"start":{"line":9,"column":8},"end":{"line":9,"column":39}},"5":{"start":{"line":14,"column":8},"end":{"line":22,"column":9}},"6":{"start":{"line":15,"column":12},"end":{"line":15,"column":53}},"7":{"start":{"line":17,"column":12},"end":{"line":20,"column":14}},"8":{"start":{"line":21,"column":12},"end":{"line":21,"column":30}},"9":{"start":{"line":22,"column":10},"end":{"line":22,"column":23}},"10":{"start":{"line":27,"column":8},"end":{"line":40,"column":9}},"11":{"start":{"line":28,"column":12},"end":{"line":33,"column":14}},"12":{"start":{"line":35,"column":12},"end":{"line":38,"column":14}},"13":{"start":{"line":40,"column":10},"end":{"line":40,"column":23}},"14":{"start":{"line":45,"column":8},"end":{"line":61,"column":9}},"15":{"start":{"line":46,"column":12},"end":{"line":54,"column":14}},"16":{"start":{"line":56,"column":12},"end":{"line":59,"column":14}},"17":{"start":{"line":61,"column":10},"end":{"line":61,"column":23}},"18":{"start":{"line":66,"column":28},"end":{"line":66,"column":74}},"19":{"start":{"line":67,"column":8},"end":{"line":74,"column":9}},"20":{"start":{"line":68,"column":12},"end":{"line":68,"column":49}},"21":{"start":{"line":70,"column":12},"end":{"line":73,"column":14}},"22":{"start":{"line":74,"column":10},"end":{"line":74,"column":23}},"23":{"start":{"line":78,"column":0},"end":{"line":78,"column":36}}},"fnMap":{"0":{"name":"(anonymous_0)","decl":{"start":{"line":8,"column":4},"end":{"line":8,"column":5}},"loc":{"start":{"line":8,"column":29},"end":{"line":10,"column":5}},"line":8},"1":{"name":"(anonymous_1)","decl":{"start":{"line":12,"column":4},"end":{"line":12,"column":5}},"loc":{"start":{"line":12,"column":30},"end":{"line":23,"column":5}},"line":12},"2":{"name":"(anonymous_2)","decl":{"start":{"line":25,"column":4},"end":{"line":25,"column":5}},"loc":{"start":{"line":25,"column":41},"end":{"line":41,"column":5}},"line":25},"3":{"name":"(anonymous_3)","decl":{"start":{"line":43,"column":4},"end":{"line":43,"column":5}},"loc":{"start":{"line":43,"column":46},"end":{"line":62,"column":5}},"line":43},"4":{"name":"(anonymous_4)","decl":{"start":{"line":64,"column":4},"end":{"line":64,"column":5}},"loc":{"start":{"line":64,"column":43},"end":{"line":75,"column":5}},"line":64}},"branchMap":{},"s":{"0":3,"1":3,"2":3,"3":3,"4":2,"5":3,"6":3,"7":1,"8":1,"9":2,"10":2,"11":2,"12":1,"13":2,"14":2,"15":2,"16":1,"17":2,"18":2,"19":1,"20":1,"21":1,"22":1,"23":3},"f":{"0":2,"1":3,"2":2,"3":2,"4":2},"b":{},"_coverageSchema":"1a1c01bbd47fc00a2c39e90264f33305004495a9","hash":"118fa25e87423fa8482f37cc5fc196a8fa507c44"}
}
