{"D:\\ENIGMA\\Improve\\expressDb\\dbConn.js": {"path":"D:\\ENIGMA\\Improve\\expressDb\\dbConn.js","statementMap":{"0":{"start":{"line":1,"column":18},"end":{"line":1,"column":38}},"1":{"start":{"line":2,"column":15},"end":{"line":2,"column":32}},"2":{"start":{"line":4,"column":0},"end":{"line":4,"column":15}},"3":{"start":{"line":5,"column":19},"end":{"line":12,"column":6}},"4":{"start":{"line":14,"column":0},"end":{"line":14,"column":28}}},"fnMap":{},"branchMap":{},"s":{"0":2,"1":2,"2":2,"3":2,"4":2},"f":{},"b":{},"_coverageSchema":"1a1c01bbd47fc00a2c39e90264f33305004495a9","hash":"430bf289ca54ee726e74f521d7818889aa56b365"}
,"D:\\ENIGMA\\Improve\\expressDb\\logger.js": {"path":"D:\\ENIGMA\\Improve\\expressDb\\logger.js","statementMap":{"0":{"start":{"line":1,"column":15},"end":{"line":1,"column":32}},"1":{"start":{"line":2,"column":15},"end":{"line":2,"column":32}},"2":{"start":{"line":4,"column":0},"end":{"line":4,"column":16}},"3":{"start":{"line":5,"column":18},"end":{"line":20,"column":2}},"4":{"start":{"line":21,"column":18},"end":{"line":35,"column":1}},"5":{"start":{"line":22,"column":4},"end":{"line":34,"column":5}},"6":{"start":{"line":24,"column":12},"end":{"line":24,"column":66}},"7":{"start":{"line":25,"column":12},"end":{"line":25,"column":18}},"8":{"start":{"line":27,"column":12},"end":{"line":27,"column":66}},"9":{"start":{"line":28,"column":12},"end":{"line":28,"column":18}},"10":{"start":{"line":30,"column":12},"end":{"line":30,"column":65}},"11":{"start":{"line":31,"column":12},"end":{"line":31,"column":18}},"12":{"start":{"line":33,"column":12},"end":{"line":33,"column":66}},"13":{"start":{"line":38,"column":0},"end":{"line":38,"column":27}}},"fnMap":{"0":{"name":"(anonymous_0)","decl":{"start":{"line":21,"column":18},"end":{"line":21,"column":19}},"loc":{"start":{"line":21,"column":31},"end":{"line":35,"column":1}},"line":21}},"branchMap":{"0":{"loc":{"start":{"line":22,"column":4},"end":{"line":34,"column":5}},"type":"switch","locations":[{"start":{"line":23,"column":8},"end":{"line":25,"column":18}},{"start":{"line":26,"column":8},"end":{"line":28,"column":18}},{"start":{"line":29,"column":8},"end":{"line":31,"column":18}},{"start":{"line":32,"column":8},"end":{"line":33,"column":66}}],"line":22}},"s":{"0":1,"1":1,"2":1,"3":1,"4":1,"5":0,"6":0,"7":0,"8":0,"9":0,"10":0,"11":0,"12":0,"13":1},"f":{"0":0},"b":{"0":[0,0,0,0]},"_coverageSchema":"1a1c01bbd47fc00a2c39e90264f33305004495a9","hash":"c778f343ec6a288b917c369b5a9896a038ce316f"}
,"D:\\ENIGMA\\Improve\\expressDb\\server.js": {"path":"D:\\ENIGMA\\Improve\\expressDb\\server.js","statementMap":{"0":{"start":{"line":1,"column":13},"end":{"line":1,"column":28}},"1":{"start":{"line":2,"column":16},"end":{"line":2,"column":34}},"2":{"start":{"line":3,"column":17},"end":{"line":3,"column":50}},"3":{"start":{"line":4,"column":24},"end":{"line":4,"column":64}},"4":{"start":{"line":5,"column":22},"end":{"line":5,"column":66}},"5":{"start":{"line":6,"column":18},"end":{"line":6,"column":47}},"6":{"start":{"line":8,"column":0},"end":{"line":8,"column":18}},"7":{"start":{"line":9,"column":12},"end":{"line":9,"column":21}},"8":{"start":{"line":10,"column":0},"end":{"line":10,"column":23}},"9":{"start":{"line":11,"column":0},"end":{"line":11,"column":19}},"10":{"start":{"line":12,"column":15},"end":{"line":12,"column":37}},"11":{"start":{"line":13,"column":0},"end":{"line":18,"column":3}},"12":{"start":{"line":14,"column":4},"end":{"line":17,"column":7}},"13":{"start":{"line":19,"column":0},"end":{"line":19,"column":24}}},"fnMap":{"0":{"name":"(anonymous_0)","decl":{"start":{"line":13,"column":19},"end":{"line":13,"column":20}},"loc":{"start":{"line":13,"column":32},"end":{"line":18,"column":1}},"line":13}},"branchMap":{},"s":{"0":1,"1":1,"2":1,"3":1,"4":1,"5":1,"6":1,"7":1,"8":1,"9":1,"10":1,"11":1,"12":0,"13":1},"f":{"0":0},"b":{},"_coverageSchema":"1a1c01bbd47fc00a2c39e90264f33305004495a9","hash":"c228e3b1f30f7a910d01e378b6a7417539f2061b"}
,"D:\\ENIGMA\\Improve\\expressDb\\src\\controllers\\calendar.controller.js": {"path":"D:\\ENIGMA\\Improve\\expressDb\\src\\controllers\\calendar.controller.js","statementMap":{"0":{"start":{"line":1,"column":23},"end":{"line":4,"column":1}},"1":{"start":{"line":2,"column":21},"end":{"line":2,"column":51}},"2":{"start":{"line":3,"column":4},"end":{"line":3,"column":23}},"3":{"start":{"line":6,"column":23},"end":{"line":10,"column":1}},"4":{"start":{"line":7,"column":21},"end":{"line":7,"column":29}},"5":{"start":{"line":8,"column":22},"end":{"line":8,"column":60}},"6":{"start":{"line":9,"column":4},"end":{"line":9,"column":23}},"7":{"start":{"line":12,"column":23},"end":{"line":16,"column":1}},"8":{"start":{"line":13,"column":26},"end":{"line":13,"column":34}},"9":{"start":{"line":14,"column":22},"end":{"line":14,"column":65}},"10":{"start":{"line":15,"column":4},"end":{"line":15,"column":23}},"11":{"start":{"line":18,"column":23},"end":{"line":22,"column":1}},"12":{"start":{"line":19,"column":23},"end":{"line":19,"column":36}},"13":{"start":{"line":20,"column":22},"end":{"line":20,"column":62}},"14":{"start":{"line":21,"column":4},"end":{"line":21,"column":29}},"15":{"start":{"line":24,"column":0},"end":{"line":24,"column":78}}},"fnMap":{"0":{"name":"(anonymous_0)","decl":{"start":{"line":1,"column":23},"end":{"line":1,"column":24}},"loc":{"start":{"line":1,"column":47},"end":{"line":4,"column":1}},"line":1},"1":{"name":"(anonymous_1)","decl":{"start":{"line":6,"column":23},"end":{"line":6,"column":24}},"loc":{"start":{"line":6,"column":47},"end":{"line":10,"column":1}},"line":6},"2":{"name":"(anonymous_2)","decl":{"start":{"line":12,"column":23},"end":{"line":12,"column":24}},"loc":{"start":{"line":12,"column":47},"end":{"line":16,"column":1}},"line":12},"3":{"name":"(anonymous_3)","decl":{"start":{"line":18,"column":23},"end":{"line":18,"column":24}},"loc":{"start":{"line":18,"column":47},"end":{"line":22,"column":1}},"line":18}},"branchMap":{},"s":{"0":2,"1":2,"2":2,"3":2,"4":1,"5":1,"6":1,"7":2,"8":0,"9":0,"10":0,"11":2,"12":0,"13":0,"14":0,"15":2},"f":{"0":2,"1":1,"2":0,"3":0},"b":{},"_coverageSchema":"1a1c01bbd47fc00a2c39e90264f33305004495a9","hash":"88e38b8506066337971c2d20144ec33bdbb893f9"}
,"D:\\ENIGMA\\Improve\\expressDb\\src\\controllers\\product.controller.js": {"path":"D:\\ENIGMA\\Improve\\expressDb\\src\\controllers\\product.controller.js","statementMap":{"0":{"start":{"line":1,"column":22},"end":{"line":5,"column":1}},"1":{"start":{"line":2,"column":20},"end":{"line":2,"column":49}},"2":{"start":{"line":3,"column":4},"end":{"line":3,"column":20}},"3":{"start":{"line":4,"column":4},"end":{"line":4,"column":22}},"4":{"start":{"line":7,"column":22},"end":{"line":12,"column":1}},"5":{"start":{"line":8,"column":20},"end":{"line":8,"column":28}},"6":{"start":{"line":9,"column":21},"end":{"line":9,"column":57}},"7":{"start":{"line":10,"column":4},"end":{"line":10,"column":20}},"8":{"start":{"line":11,"column":4},"end":{"line":11,"column":22}},"9":{"start":{"line":14,"column":22},"end":{"line":19,"column":1}},"10":{"start":{"line":15,"column":25},"end":{"line":15,"column":33}},"11":{"start":{"line":16,"column":21},"end":{"line":16,"column":62}},"12":{"start":{"line":17,"column":4},"end":{"line":17,"column":20}},"13":{"start":{"line":18,"column":4},"end":{"line":18,"column":22}},"14":{"start":{"line":21,"column":22},"end":{"line":26,"column":1}},"15":{"start":{"line":22,"column":22},"end":{"line":22,"column":35}},"16":{"start":{"line":23,"column":21},"end":{"line":23,"column":59}},"17":{"start":{"line":24,"column":4},"end":{"line":24,"column":20}},"18":{"start":{"line":25,"column":4},"end":{"line":25,"column":28}},"19":{"start":{"line":28,"column":0},"end":{"line":28,"column":74}}},"fnMap":{"0":{"name":"(anonymous_0)","decl":{"start":{"line":1,"column":22},"end":{"line":1,"column":23}},"loc":{"start":{"line":1,"column":46},"end":{"line":5,"column":1}},"line":1},"1":{"name":"(anonymous_1)","decl":{"start":{"line":7,"column":22},"end":{"line":7,"column":23}},"loc":{"start":{"line":7,"column":46},"end":{"line":12,"column":1}},"line":7},"2":{"name":"(anonymous_2)","decl":{"start":{"line":14,"column":22},"end":{"line":14,"column":23}},"loc":{"start":{"line":14,"column":46},"end":{"line":19,"column":1}},"line":14},"3":{"name":"(anonymous_3)","decl":{"start":{"line":21,"column":22},"end":{"line":21,"column":23}},"loc":{"start":{"line":21,"column":46},"end":{"line":26,"column":1}},"line":21}},"branchMap":{},"s":{"0":2,"1":2,"2":2,"3":2,"4":2,"5":2,"6":2,"7":2,"8":2,"9":2,"10":0,"11":0,"12":0,"13":0,"14":2,"15":0,"16":0,"17":0,"18":0,"19":2},"f":{"0":2,"1":2,"2":0,"3":0},"b":{},"_coverageSchema":"1a1c01bbd47fc00a2c39e90264f33305004495a9","hash":"34422b86aab0f659e88200fa77def48f4b0461b2"}
,"D:\\ENIGMA\\Improve\\expressDb\\src\\controllers\\transaction.controller.js": {"path":"D:\\ENIGMA\\Improve\\expressDb\\src\\controllers\\transaction.controller.js","statementMap":{"0":{"start":{"line":1,"column":26},"end":{"line":4,"column":1}},"1":{"start":{"line":2,"column":24},"end":{"line":2,"column":57}},"2":{"start":{"line":3,"column":4},"end":{"line":3,"column":26}},"3":{"start":{"line":6,"column":27},"end":{"line":10,"column":1}},"4":{"start":{"line":7,"column":24},"end":{"line":7,"column":32}},"5":{"start":{"line":8,"column":25},"end":{"line":8,"column":69}},"6":{"start":{"line":9,"column":4},"end":{"line":9,"column":26}},"7":{"start":{"line":12,"column":26},"end":{"line":16,"column":1}},"8":{"start":{"line":13,"column":29},"end":{"line":13,"column":37}},"9":{"start":{"line":14,"column":25},"end":{"line":14,"column":74}},"10":{"start":{"line":15,"column":4},"end":{"line":15,"column":26}},"11":{"start":{"line":18,"column":26},"end":{"line":22,"column":1}},"12":{"start":{"line":19,"column":26},"end":{"line":19,"column":39}},"13":{"start":{"line":20,"column":25},"end":{"line":20,"column":71}},"14":{"start":{"line":21,"column":4},"end":{"line":21,"column":32}},"15":{"start":{"line":24,"column":0},"end":{"line":24,"column":91}}},"fnMap":{"0":{"name":"(anonymous_0)","decl":{"start":{"line":1,"column":26},"end":{"line":1,"column":27}},"loc":{"start":{"line":1,"column":50},"end":{"line":4,"column":1}},"line":1},"1":{"name":"(anonymous_1)","decl":{"start":{"line":6,"column":27},"end":{"line":6,"column":28}},"loc":{"start":{"line":6,"column":51},"end":{"line":10,"column":1}},"line":6},"2":{"name":"(anonymous_2)","decl":{"start":{"line":12,"column":26},"end":{"line":12,"column":27}},"loc":{"start":{"line":12,"column":50},"end":{"line":16,"column":1}},"line":12},"3":{"name":"(anonymous_3)","decl":{"start":{"line":18,"column":26},"end":{"line":18,"column":27}},"loc":{"start":{"line":18,"column":50},"end":{"line":22,"column":1}},"line":18}},"branchMap":{},"s":{"0":2,"1":0,"2":0,"3":2,"4":1,"5":1,"6":1,"7":2,"8":0,"9":0,"10":0,"11":2,"12":0,"13":0,"14":0,"15":2},"f":{"0":0,"1":1,"2":0,"3":0},"b":{},"_coverageSchema":"1a1c01bbd47fc00a2c39e90264f33305004495a9","hash":"bc6f03ddf25e514136f8af3a9d845781e078a3a8"}
,"D:\\ENIGMA\\Improve\\expressDb\\src\\controllers\\user.controller.js": {"path":"D:\\ENIGMA\\Improve\\expressDb\\src\\controllers\\user.controller.js","statementMap":{"0":{"start":{"line":1,"column":27},"end":{"line":14,"column":1}},"1":{"start":{"line":2,"column":4},"end":{"line":12,"column":5}},"2":{"start":{"line":3,"column":21},"end":{"line":3,"column":29}},"3":{"start":{"line":4,"column":25},"end":{"line":4,"column":57}},"4":{"start":{"line":5,"column":8},"end":{"line":9,"column":9}},"5":{"start":{"line":6,"column":12},"end":{"line":6,"column":31}},"6":{"start":{"line":8,"column":12},"end":{"line":8,"column":32}},"7":{"start":{"line":11,"column":8},"end":{"line":11,"column":28}},"8":{"start":{"line":15,"column":0},"end":{"line":17,"column":2}}},"fnMap":{"0":{"name":"(anonymous_0)","decl":{"start":{"line":1,"column":27},"end":{"line":1,"column":28}},"loc":{"start":{"line":1,"column":56},"end":{"line":14,"column":1}},"line":1}},"branchMap":{"0":{"loc":{"start":{"line":5,"column":8},"end":{"line":9,"column":9}},"type":"if","locations":[{"start":{"line":5,"column":8},"end":{"line":9,"column":9}},{"start":{"line":5,"column":8},"end":{"line":9,"column":9}}],"line":5}},"s":{"0":1,"1":9,"2":9,"3":9,"4":9,"5":9,"6":0,"7":0,"8":1},"f":{"0":9},"b":{"0":[9,0]},"_coverageSchema":"1a1c01bbd47fc00a2c39e90264f33305004495a9","hash":"4b240d751ee4aa15fe90bc701a8bdf9f57ddbe0a"}
,"D:\\ENIGMA\\Improve\\expressDb\\src\\events\\logging.listener.js": {"path":"D:\\ENIGMA\\Improve\\expressDb\\src\\events\\logging.listener.js","statementMap":{"0":{"start":{"line":1,"column":18},"end":{"line":1,"column":41}},"1":{"start":{"line":2,"column":17},"end":{"line":2,"column":39}},"2":{"start":{"line":4,"column":24},"end":{"line":17,"column":1}},"3":{"start":{"line":5,"column":4},"end":{"line":7,"column":7}},"4":{"start":{"line":6,"column":8},"end":{"line":6,"column":88}},"5":{"start":{"line":9,"column":4},"end":{"line":12,"column":7}},"6":{"start":{"line":10,"column":8},"end":{"line":10,"column":88}},"7":{"start":{"line":11,"column":8},"end":{"line":11,"column":24}},"8":{"start":{"line":14,"column":4},"end":{"line":16,"column":7}},"9":{"start":{"line":15,"column":8},"end":{"line":15,"column":87}},"10":{"start":{"line":19,"column":0},"end":{"line":19,"column":33}}},"fnMap":{"0":{"name":"(anonymous_0)","decl":{"start":{"line":4,"column":24},"end":{"line":4,"column":25}},"loc":{"start":{"line":4,"column":30},"end":{"line":17,"column":1}},"line":4},"1":{"name":"(anonymous_1)","decl":{"start":{"line":5,"column":29},"end":{"line":5,"column":30}},"loc":{"start":{"line":5,"column":43},"end":{"line":7,"column":5}},"line":5},"2":{"name":"(anonymous_2)","decl":{"start":{"line":9,"column":29},"end":{"line":9,"column":30}},"loc":{"start":{"line":9,"column":43},"end":{"line":12,"column":5}},"line":9},"3":{"name":"(anonymous_3)","decl":{"start":{"line":14,"column":28},"end":{"line":14,"column":29}},"loc":{"start":{"line":14,"column":42},"end":{"line":16,"column":5}},"line":14}},"branchMap":{},"s":{"0":1,"1":1,"2":1,"3":1,"4":0,"5":1,"6":0,"7":0,"8":1,"9":0,"10":1},"f":{"0":1,"1":0,"2":0,"3":0},"b":{},"_coverageSchema":"1a1c01bbd47fc00a2c39e90264f33305004495a9","hash":"9a3b2e86b1a79085afc6c4afc07767c03fee275b"}
,"D:\\ENIGMA\\Improve\\expressDb\\src\\events\\myEmitter.js": {"path":"D:\\ENIGMA\\Improve\\expressDb\\src\\events\\myEmitter.js","statementMap":{"0":{"start":{"line":1,"column":21},"end":{"line":1,"column":38}},"1":{"start":{"line":2,"column":18},"end":{"line":2,"column":36}},"2":{"start":{"line":4,"column":0},"end":{"line":4,"column":25}}},"fnMap":{},"branchMap":{},"s":{"0":3,"1":3,"2":3},"f":{},"b":{},"_coverageSchema":"1a1c01bbd47fc00a2c39e90264f33305004495a9","hash":"78f42fb9c9b82ceb62da7f3262b64c8e740df443"}
,"D:\\ENIGMA\\Improve\\expressDb\\src\\middlewares\\app-middlewares.js": {"path":"D:\\ENIGMA\\Improve\\expressDb\\src\\middlewares\\app-middlewares.js","statementMap":{"0":{"start":{"line":1,"column":16},"end":{"line":1,"column":34}},"1":{"start":{"line":2,"column":15},"end":{"line":2,"column":31}},"2":{"start":{"line":4,"column":0},"end":{"line":4,"column":27}},"3":{"start":{"line":5,"column":0},"end":{"line":5,"column":22}}},"fnMap":{},"branchMap":{},"s":{"0":1,"1":1,"2":1,"3":1},"f":{},"b":{},"_coverageSchema":"1a1c01bbd47fc00a2c39e90264f33305004495a9","hash":"75c7949255ada54ed6c3d26d43def0d37d37c4b9"}
,"D:\\ENIGMA\\Improve\\expressDb\\src\\middlewares\\token-validation.js": {"path":"D:\\ENIGMA\\Improve\\expressDb\\src\\middlewares\\token-validation.js","statementMap":{"0":{"start":{"line":1,"column":12},"end":{"line":1,"column":35}},"1":{"start":{"line":3,"column":24},"end":{"line":26,"column":1}},"2":{"start":{"line":4,"column":28},"end":{"line":4,"column":39}},"3":{"start":{"line":5,"column":4},"end":{"line":24,"column":5}},"4":{"start":{"line":6,"column":8},"end":{"line":21,"column":9}},"5":{"start":{"line":7,"column":26},"end":{"line":7,"column":70}},"6":{"start":{"line":8,"column":12},"end":{"line":20,"column":15}},"7":{"start":{"line":9,"column":16},"end":{"line":19,"column":17}},"8":{"start":{"line":10,"column":20},"end":{"line":10,"column":40}},"9":{"start":{"line":12,"column":41},"end":{"line":12,"column":48}},"10":{"start":{"line":13,"column":20},"end":{"line":17,"column":21}},"11":{"start":{"line":14,"column":24},"end":{"line":14,"column":43}},"12":{"start":{"line":16,"column":24},"end":{"line":16,"column":31}},"13":{"start":{"line":23,"column":8},"end":{"line":23,"column":28}},"14":{"start":{"line":28,"column":0},"end":{"line":28,"column":33}}},"fnMap":{"0":{"name":"(anonymous_0)","decl":{"start":{"line":3,"column":24},"end":{"line":3,"column":25}},"loc":{"start":{"line":3,"column":44},"end":{"line":26,"column":1}},"line":3},"1":{"name":"(anonymous_1)","decl":{"start":{"line":8,"column":54},"end":{"line":8,"column":55}},"loc":{"start":{"line":8,"column":72},"end":{"line":20,"column":13}},"line":8}},"branchMap":{"0":{"loc":{"start":{"line":5,"column":4},"end":{"line":24,"column":5}},"type":"if","locations":[{"start":{"line":5,"column":4},"end":{"line":24,"column":5}},{"start":{"line":5,"column":4},"end":{"line":24,"column":5}}],"line":5},"1":{"loc":{"start":{"line":6,"column":8},"end":{"line":21,"column":9}},"type":"if","locations":[{"start":{"line":6,"column":8},"end":{"line":21,"column":9}},{"start":{"line":6,"column":8},"end":{"line":21,"column":9}}],"line":6},"2":{"loc":{"start":{"line":9,"column":16},"end":{"line":19,"column":17}},"type":"if","locations":[{"start":{"line":9,"column":16},"end":{"line":19,"column":17}},{"start":{"line":9,"column":16},"end":{"line":19,"column":17}}],"line":9},"3":{"loc":{"start":{"line":13,"column":20},"end":{"line":17,"column":21}},"type":"if","locations":[{"start":{"line":13,"column":20},"end":{"line":17,"column":21}},{"start":{"line":13,"column":20},"end":{"line":17,"column":21}}],"line":13}},"s":{"0":1,"1":1,"2":9,"3":9,"4":6,"5":6,"6":6,"7":6,"8":0,"9":6,"10":6,"11":0,"12":6,"13":3,"14":1},"f":{"0":9,"1":6},"b":{"0":[6,3],"1":[6,0],"2":[0,6],"3":[0,6]},"_coverageSchema":"1a1c01bbd47fc00a2c39e90264f33305004495a9","hash":"82b60bfa1d2f3dbcb30dcf12ba01e86e2c2aa7c2"}
,"D:\\ENIGMA\\Improve\\expressDb\\src\\models\\calendar.model.js": {"path":"D:\\ENIGMA\\Improve\\expressDb\\src\\models\\calendar.model.js","statementMap":{"0":{"start":{"line":1,"column":18},"end":{"line":1,"column":38}},"1":{"start":{"line":2,"column":19},"end":{"line":2,"column":42}},"2":{"start":{"line":4,"column":17},"end":{"line":21,"column":2}},"3":{"start":{"line":23,"column":0},"end":{"line":23,"column":26}}},"fnMap":{},"branchMap":{},"s":{"0":2,"1":2,"2":2,"3":2},"f":{},"b":{},"_coverageSchema":"1a1c01bbd47fc00a2c39e90264f33305004495a9","hash":"c9bd3423f1c00aa9d70b32c044ebb521f9ccae80"}
,"D:\\ENIGMA\\Improve\\expressDb\\src\\models\\index.js": {"path":"D:\\ENIGMA\\Improve\\expressDb\\src\\models\\index.js","statementMap":{"0":{"start":{"line":1,"column":16},"end":{"line":1,"column":42}},"1":{"start":{"line":2,"column":17},"end":{"line":2,"column":44}},"2":{"start":{"line":3,"column":20},"end":{"line":3,"column":50}},"3":{"start":{"line":5,"column":20},"end":{"line":8,"column":1}},"4":{"start":{"line":6,"column":4},"end":{"line":6,"column":84}},"5":{"start":{"line":7,"column":4},"end":{"line":7,"column":85}},"6":{"start":{"line":10,"column":0},"end":{"line":10,"column":29}}},"fnMap":{"0":{"name":"dbAssociation","decl":{"start":{"line":5,"column":29},"end":{"line":5,"column":42}},"loc":{"start":{"line":5,"column":44},"end":{"line":8,"column":1}},"line":5}},"branchMap":{},"s":{"0":1,"1":1,"2":1,"3":1,"4":9,"5":9,"6":1},"f":{"0":9},"b":{},"_coverageSchema":"1a1c01bbd47fc00a2c39e90264f33305004495a9","hash":"e321b179c212bacf109f1b68b7820a9a85be6481"}
,"D:\\ENIGMA\\Improve\\expressDb\\src\\models\\product.model.js": {"path":"D:\\ENIGMA\\Improve\\expressDb\\src\\models\\product.model.js","statementMap":{"0":{"start":{"line":1,"column":18},"end":{"line":1,"column":38}},"1":{"start":{"line":2,"column":19},"end":{"line":2,"column":42}},"2":{"start":{"line":6,"column":16},"end":{"line":24,"column":2}},"3":{"start":{"line":26,"column":0},"end":{"line":26,"column":25}}},"fnMap":{},"branchMap":{},"s":{"0":2,"1":2,"2":2,"3":2},"f":{},"b":{},"_coverageSchema":"1a1c01bbd47fc00a2c39e90264f33305004495a9","hash":"f491282f474c8c9fb832c4ec35917eabea5befd9"}
,"D:\\ENIGMA\\Improve\\expressDb\\src\\models\\transaction.model.js": {"path":"D:\\ENIGMA\\Improve\\expressDb\\src\\models\\transaction.model.js","statementMap":{"0":{"start":{"line":1,"column":18},"end":{"line":1,"column":38}},"1":{"start":{"line":2,"column":19},"end":{"line":2,"column":42}},"2":{"start":{"line":4,"column":20},"end":{"line":27,"column":2}},"3":{"start":{"line":29,"column":0},"end":{"line":29,"column":29}}},"fnMap":{},"branchMap":{},"s":{"0":2,"1":2,"2":2,"3":2},"f":{},"b":{},"_coverageSchema":"1a1c01bbd47fc00a2c39e90264f33305004495a9","hash":"bee90292ee2c1b878a0f7e38ab5a9a8075ae4d73"}
,"D:\\ENIGMA\\Improve\\expressDb\\src\\models\\user.model.js": {"path":"D:\\ENIGMA\\Improve\\expressDb\\src\\models\\user.model.js","statementMap":{"0":{"start":{"line":1,"column":18},"end":{"line":1,"column":38}},"1":{"start":{"line":2,"column":19},"end":{"line":2,"column":42}},"2":{"start":{"line":4,"column":14},"end":{"line":21,"column":2}},"3":{"start":{"line":23,"column":0},"end":{"line":23,"column":23}}},"fnMap":{},"branchMap":{},"s":{"0":2,"1":2,"2":2,"3":2},"f":{},"b":{},"_coverageSchema":"1a1c01bbd47fc00a2c39e90264f33305004495a9","hash":"1bbbcf6222780e1ff1720cf71fc1452e30191d7d"}
,"D:\\ENIGMA\\Improve\\expressDb\\src\\routes\\auth.route.js": {"path":"D:\\ENIGMA\\Improve\\expressDb\\src\\routes\\auth.route.js","statementMap":{"0":{"start":{"line":1,"column":16},"end":{"line":1,"column":34}},"1":{"start":{"line":2,"column":15},"end":{"line":2,"column":31}},"2":{"start":{"line":3,"column":20},"end":{"line":3,"column":55}},"3":{"start":{"line":4,"column":29},"end":{"line":4,"column":70}},"4":{"start":{"line":5,"column":13},"end":{"line":5,"column":44}},"5":{"start":{"line":7,"column":20},"end":{"line":7,"column":41}},"6":{"start":{"line":9,"column":0},"end":{"line":9,"column":80}},"7":{"start":{"line":9,"column":37},"end":{"line":9,"column":78}},"8":{"start":{"line":11,"column":0},"end":{"line":11,"column":24}}},"fnMap":{"0":{"name":"(anonymous_0)","decl":{"start":{"line":9,"column":17},"end":{"line":9,"column":18}},"loc":{"start":{"line":9,"column":37},"end":{"line":9,"column":78}},"line":9}},"branchMap":{},"s":{"0":1,"1":1,"2":1,"3":1,"4":1,"5":1,"6":1,"7":9,"8":1},"f":{"0":9},"b":{},"_coverageSchema":"1a1c01bbd47fc00a2c39e90264f33305004495a9","hash":"c0e666d90eaed2766fc4578ef7da03cd41812d0b"}
,"D:\\ENIGMA\\Improve\\expressDb\\src\\routes\\calendar.route.js": {"path":"D:\\ENIGMA\\Improve\\expressDb\\src\\routes\\calendar.route.js","statementMap":{"0":{"start":{"line":1,"column":16},"end":{"line":1,"column":34}},"1":{"start":{"line":2,"column":15},"end":{"line":2,"column":31}},"2":{"start":{"line":3,"column":24},"end":{"line":3,"column":63}},"3":{"start":{"line":4,"column":24},"end":{"line":4,"column":66}},"4":{"start":{"line":5,"column":75},"end":{"line":5,"column":120}},"5":{"start":{"line":6,"column":17},"end":{"line":6,"column":52}},"6":{"start":{"line":8,"column":24},"end":{"line":8,"column":53}},"7":{"start":{"line":10,"column":0},"end":{"line":10,"column":27}},"8":{"start":{"line":11,"column":0},"end":{"line":11,"column":78}},"9":{"start":{"line":11,"column":36},"end":{"line":11,"column":77}},"10":{"start":{"line":12,"column":0},"end":{"line":12,"column":79}},"11":{"start":{"line":12,"column":37},"end":{"line":12,"column":78}},"12":{"start":{"line":13,"column":0},"end":{"line":13,"column":78}},"13":{"start":{"line":13,"column":36},"end":{"line":13,"column":77}},"14":{"start":{"line":14,"column":0},"end":{"line":14,"column":84}},"15":{"start":{"line":14,"column":42},"end":{"line":14,"column":83}},"16":{"start":{"line":16,"column":0},"end":{"line":16,"column":23}}},"fnMap":{"0":{"name":"(anonymous_0)","decl":{"start":{"line":11,"column":16},"end":{"line":11,"column":17}},"loc":{"start":{"line":11,"column":36},"end":{"line":11,"column":77}},"line":11},"1":{"name":"(anonymous_1)","decl":{"start":{"line":12,"column":17},"end":{"line":12,"column":18}},"loc":{"start":{"line":12,"column":37},"end":{"line":12,"column":78}},"line":12},"2":{"name":"(anonymous_2)","decl":{"start":{"line":13,"column":16},"end":{"line":13,"column":17}},"loc":{"start":{"line":13,"column":36},"end":{"line":13,"column":77}},"line":13},"3":{"name":"(anonymous_3)","decl":{"start":{"line":14,"column":22},"end":{"line":14,"column":23}},"loc":{"start":{"line":14,"column":42},"end":{"line":14,"column":83}},"line":14}},"branchMap":{},"s":{"0":1,"1":1,"2":1,"3":1,"4":1,"5":1,"6":1,"7":1,"8":1,"9":2,"10":1,"11":1,"12":1,"13":0,"14":1,"15":0,"16":1},"f":{"0":2,"1":1,"2":0,"3":0},"b":{},"_coverageSchema":"1a1c01bbd47fc00a2c39e90264f33305004495a9","hash":"d8b2abb16a729e0a8cbd9fadc20404a33f5e7ce6"}
,"D:\\ENIGMA\\Improve\\expressDb\\src\\routes\\index.js": {"path":"D:\\ENIGMA\\Improve\\expressDb\\src\\routes\\index.js","statementMap":{"0":{"start":{"line":1,"column":16},"end":{"line":1,"column":34}},"1":{"start":{"line":2,"column":15},"end":{"line":2,"column":31}},"2":{"start":{"line":3,"column":17},"end":{"line":3,"column":46}},"3":{"start":{"line":4,"column":24},"end":{"line":4,"column":55}},"4":{"start":{"line":6,"column":19},"end":{"line":6,"column":42}},"5":{"start":{"line":7,"column":23},"end":{"line":7,"column":50}},"6":{"start":{"line":8,"column":22},"end":{"line":8,"column":48}},"7":{"start":{"line":9,"column":26},"end":{"line":9,"column":56}},"8":{"start":{"line":11,"column":0},"end":{"line":11,"column":30}},"9":{"start":{"line":12,"column":0},"end":{"line":12,"column":72}},"10":{"start":{"line":13,"column":0},"end":{"line":13,"column":40}},"11":{"start":{"line":14,"column":0},"end":{"line":14,"column":38}},"12":{"start":{"line":15,"column":0},"end":{"line":15,"column":46}},"13":{"start":{"line":17,"column":0},"end":{"line":17,"column":23}}},"fnMap":{},"branchMap":{},"s":{"0":1,"1":1,"2":1,"3":1,"4":1,"5":1,"6":1,"7":1,"8":1,"9":1,"10":1,"11":1,"12":1,"13":1},"f":{},"b":{},"_coverageSchema":"1a1c01bbd47fc00a2c39e90264f33305004495a9","hash":"c76e88dc2988d9234f0ecb51310e7102941b3812"}
,"D:\\ENIGMA\\Improve\\expressDb\\src\\routes\\product.route.js": {"path":"D:\\ENIGMA\\Improve\\expressDb\\src\\routes\\product.route.js","statementMap":{"0":{"start":{"line":1,"column":16},"end":{"line":1,"column":34}},"1":{"start":{"line":2,"column":15},"end":{"line":2,"column":31}},"2":{"start":{"line":3,"column":23},"end":{"line":3,"column":61}},"3":{"start":{"line":4,"column":24},"end":{"line":4,"column":66}},"4":{"start":{"line":5,"column":71},"end":{"line":5,"column":115}},"5":{"start":{"line":6,"column":16},"end":{"line":6,"column":50}},"6":{"start":{"line":8,"column":23},"end":{"line":8,"column":50}},"7":{"start":{"line":10,"column":0},"end":{"line":10,"column":28}},"8":{"start":{"line":11,"column":0},"end":{"line":11,"column":76}},"9":{"start":{"line":11,"column":36},"end":{"line":11,"column":75}},"10":{"start":{"line":12,"column":0},"end":{"line":12,"column":77}},"11":{"start":{"line":12,"column":37},"end":{"line":12,"column":76}},"12":{"start":{"line":13,"column":0},"end":{"line":13,"column":76}},"13":{"start":{"line":13,"column":36},"end":{"line":13,"column":75}},"14":{"start":{"line":14,"column":0},"end":{"line":14,"column":82}},"15":{"start":{"line":14,"column":42},"end":{"line":14,"column":81}},"16":{"start":{"line":16,"column":0},"end":{"line":16,"column":23}}},"fnMap":{"0":{"name":"(anonymous_0)","decl":{"start":{"line":11,"column":16},"end":{"line":11,"column":17}},"loc":{"start":{"line":11,"column":36},"end":{"line":11,"column":75}},"line":11},"1":{"name":"(anonymous_1)","decl":{"start":{"line":12,"column":17},"end":{"line":12,"column":18}},"loc":{"start":{"line":12,"column":37},"end":{"line":12,"column":76}},"line":12},"2":{"name":"(anonymous_2)","decl":{"start":{"line":13,"column":16},"end":{"line":13,"column":17}},"loc":{"start":{"line":13,"column":36},"end":{"line":13,"column":75}},"line":13},"3":{"name":"(anonymous_3)","decl":{"start":{"line":14,"column":22},"end":{"line":14,"column":23}},"loc":{"start":{"line":14,"column":42},"end":{"line":14,"column":81}},"line":14}},"branchMap":{},"s":{"0":1,"1":1,"2":1,"3":1,"4":1,"5":1,"6":1,"7":1,"8":1,"9":1,"10":1,"11":1,"12":1,"13":0,"14":1,"15":0,"16":1},"f":{"0":1,"1":1,"2":0,"3":0},"b":{},"_coverageSchema":"1a1c01bbd47fc00a2c39e90264f33305004495a9","hash":"17e6a260aa24fa64636bdd3876b81bf8e181bb02"}
,"D:\\ENIGMA\\Improve\\expressDb\\src\\routes\\transaction.route.js": {"path":"D:\\ENIGMA\\Improve\\expressDb\\src\\routes\\transaction.route.js","statementMap":{"0":{"start":{"line":1,"column":16},"end":{"line":1,"column":34}},"1":{"start":{"line":2,"column":15},"end":{"line":2,"column":31}},"2":{"start":{"line":3,"column":27},"end":{"line":3,"column":69}},"3":{"start":{"line":4,"column":24},"end":{"line":4,"column":66}},"4":{"start":{"line":5,"column":88},"end":{"line":5,"column":136}},"5":{"start":{"line":6,"column":20},"end":{"line":6,"column":58}},"6":{"start":{"line":8,"column":27},"end":{"line":8,"column":62}},"7":{"start":{"line":10,"column":0},"end":{"line":10,"column":28}},"8":{"start":{"line":11,"column":0},"end":{"line":11,"column":84}},"9":{"start":{"line":11,"column":36},"end":{"line":11,"column":83}},"10":{"start":{"line":12,"column":0},"end":{"line":12,"column":86}},"11":{"start":{"line":12,"column":37},"end":{"line":12,"column":85}},"12":{"start":{"line":13,"column":0},"end":{"line":13,"column":84}},"13":{"start":{"line":13,"column":36},"end":{"line":13,"column":83}},"14":{"start":{"line":14,"column":0},"end":{"line":14,"column":90}},"15":{"start":{"line":14,"column":42},"end":{"line":14,"column":89}},"16":{"start":{"line":16,"column":0},"end":{"line":16,"column":23}}},"fnMap":{"0":{"name":"(anonymous_0)","decl":{"start":{"line":11,"column":16},"end":{"line":11,"column":17}},"loc":{"start":{"line":11,"column":36},"end":{"line":11,"column":83}},"line":11},"1":{"name":"(anonymous_1)","decl":{"start":{"line":12,"column":17},"end":{"line":12,"column":18}},"loc":{"start":{"line":12,"column":37},"end":{"line":12,"column":85}},"line":12},"2":{"name":"(anonymous_2)","decl":{"start":{"line":13,"column":16},"end":{"line":13,"column":17}},"loc":{"start":{"line":13,"column":36},"end":{"line":13,"column":83}},"line":13},"3":{"name":"(anonymous_3)","decl":{"start":{"line":14,"column":22},"end":{"line":14,"column":23}},"loc":{"start":{"line":14,"column":42},"end":{"line":14,"column":89}},"line":14}},"branchMap":{},"s":{"0":1,"1":1,"2":1,"3":1,"4":1,"5":1,"6":1,"7":1,"8":1,"9":0,"10":1,"11":1,"12":1,"13":0,"14":1,"15":0,"16":1},"f":{"0":0,"1":1,"2":0,"3":0},"b":{},"_coverageSchema":"1a1c01bbd47fc00a2c39e90264f33305004495a9","hash":"2987d7cb00d73d6b3ea0b0eeabdd7092f756e1ea"}
,"D:\\ENIGMA\\Improve\\expressDb\\src\\services\\auth.service.js": {"path":"D:\\ENIGMA\\Improve\\expressDb\\src\\services\\auth.service.js","statementMap":{"0":{"start":{"line":1,"column":12},"end":{"line":1,"column":35}},"1":{"start":{"line":2,"column":15},"end":{"line":2,"column":32}},"2":{"start":{"line":3,"column":17},"end":{"line":3,"column":47}},"3":{"start":{"line":5,"column":15},"end":{"line":5,"column":34}},"4":{"start":{"line":7,"column":0},"end":{"line":7,"column":16}},"5":{"start":{"line":11,"column":8},"end":{"line":11,"column":24}},"6":{"start":{"line":15,"column":39},"end":{"line":15,"column":43}},"7":{"start":{"line":16,"column":8},"end":{"line":16,"column":29}},"8":{"start":{"line":18,"column":8},"end":{"line":49,"column":9}},"9":{"start":{"line":19,"column":12},"end":{"line":23,"column":15}},"10":{"start":{"line":24,"column":12},"end":{"line":24,"column":33}},"11":{"start":{"line":25,"column":34},"end":{"line":25,"column":81}},"12":{"start":{"line":27,"column":12},"end":{"line":42,"column":13}},"13":{"start":{"line":28,"column":34},"end":{"line":28,"column":39}},"14":{"start":{"line":29,"column":36},"end":{"line":31,"column":18}},"15":{"start":{"line":32,"column":16},"end":{"line":32,"column":40}},"16":{"start":{"line":33,"column":16},"end":{"line":39,"column":18}},"17":{"start":{"line":41,"column":16},"end":{"line":41,"column":32}},"18":{"start":{"line":44,"column":12},"end":{"line":47,"column":15}},"19":{"start":{"line":50,"column":8},"end":{"line":50,"column":24}},"20":{"start":{"line":54,"column":0},"end":{"line":54,"column":29}}},"fnMap":{"0":{"name":"(anonymous_0)","decl":{"start":{"line":10,"column":4},"end":{"line":10,"column":5}},"loc":{"start":{"line":10,"column":22},"end":{"line":12,"column":5}},"line":10},"1":{"name":"(anonymous_1)","decl":{"start":{"line":14,"column":4},"end":{"line":14,"column":5}},"loc":{"start":{"line":14,"column":29},"end":{"line":51,"column":5}},"line":14}},"branchMap":{"0":{"loc":{"start":{"line":27,"column":12},"end":{"line":42,"column":13}},"type":"if","locations":[{"start":{"line":27,"column":12},"end":{"line":42,"column":13}},{"start":{"line":27,"column":12},"end":{"line":42,"column":13}}],"line":27}},"s":{"0":2,"1":2,"2":2,"3":2,"4":2,"5":2,"6":10,"7":10,"8":10,"9":10,"10":10,"11":10,"12":9,"13":9,"14":9,"15":9,"16":9,"17":0,"18":1,"19":10,"20":2},"f":{"0":2,"1":10},"b":{"0":[9,0]},"_coverageSchema":"1a1c01bbd47fc00a2c39e90264f33305004495a9","hash":"812b9f3c15676a59346693549a1ca56468b0cac8"}
,"D:\\ENIGMA\\Improve\\expressDb\\src\\services\\calendar.service.js": {"path":"D:\\ENIGMA\\Improve\\expressDb\\src\\services\\calendar.service.js","statementMap":{"0":{"start":{"line":1,"column":15},"end":{"line":1,"column":32}},"1":{"start":{"line":2,"column":17},"end":{"line":2,"column":47}},"2":{"start":{"line":5,"column":0},"end":{"line":5,"column":15}},"3":{"start":{"line":9,"column":8},"end":{"line":9,"column":32}},"4":{"start":{"line":14,"column":8},"end":{"line":22,"column":9}},"5":{"start":{"line":15,"column":12},"end":{"line":15,"column":50}},"6":{"start":{"line":17,"column":12},"end":{"line":20,"column":14}},"7":{"start":{"line":21,"column":12},"end":{"line":21,"column":30}},"8":{"start":{"line":22,"column":10},"end":{"line":22,"column":23}},"9":{"start":{"line":27,"column":8},"end":{"line":38,"column":9}},"10":{"start":{"line":28,"column":12},"end":{"line":31,"column":14}},"11":{"start":{"line":33,"column":12},"end":{"line":36,"column":14}},"12":{"start":{"line":37,"column":12},"end":{"line":37,"column":30}},"13":{"start":{"line":38,"column":10},"end":{"line":38,"column":23}},"14":{"start":{"line":43,"column":8},"end":{"line":57,"column":9}},"15":{"start":{"line":44,"column":12},"end":{"line":50,"column":14}},"16":{"start":{"line":52,"column":12},"end":{"line":55,"column":14}},"17":{"start":{"line":56,"column":12},"end":{"line":56,"column":30}},"18":{"start":{"line":57,"column":10},"end":{"line":57,"column":23}},"19":{"start":{"line":62,"column":25},"end":{"line":62,"column":65}},"20":{"start":{"line":63,"column":8},"end":{"line":71,"column":9}},"21":{"start":{"line":64,"column":12},"end":{"line":64,"column":45}},"22":{"start":{"line":66,"column":12},"end":{"line":69,"column":14}},"23":{"start":{"line":71,"column":10},"end":{"line":71,"column":23}},"24":{"start":{"line":75,"column":0},"end":{"line":75,"column":33}}},"fnMap":{"0":{"name":"(anonymous_0)","decl":{"start":{"line":8,"column":4},"end":{"line":8,"column":5}},"loc":{"start":{"line":8,"column":26},"end":{"line":10,"column":5}},"line":8},"1":{"name":"(anonymous_1)","decl":{"start":{"line":12,"column":4},"end":{"line":12,"column":5}},"loc":{"start":{"line":12,"column":27},"end":{"line":23,"column":5}},"line":12},"2":{"name":"(anonymous_2)","decl":{"start":{"line":25,"column":4},"end":{"line":25,"column":5}},"loc":{"start":{"line":25,"column":35},"end":{"line":39,"column":5}},"line":25},"3":{"name":"(anonymous_3)","decl":{"start":{"line":41,"column":4},"end":{"line":41,"column":5}},"loc":{"start":{"line":41,"column":40},"end":{"line":58,"column":5}},"line":41},"4":{"name":"(anonymous_4)","decl":{"start":{"line":60,"column":4},"end":{"line":60,"column":5}},"loc":{"start":{"line":60,"column":37},"end":{"line":72,"column":5}},"line":60}},"branchMap":{},"s":{"0":3,"1":3,"2":3,"3":3,"4":4,"5":4,"6":1,"7":1,"8":3,"9":3,"10":3,"11":1,"12":1,"13":2,"14":2,"15":2,"16":1,"17":1,"18":1,"19":2,"20":1,"21":1,"22":1,"23":1,"24":3},"f":{"0":3,"1":4,"2":3,"3":2,"4":2},"b":{},"_coverageSchema":"1a1c01bbd47fc00a2c39e90264f33305004495a9","hash":"c603959e1bd1e8421c217b1487d85cb9fb0e7477"}
,"D:\\ENIGMA\\Improve\\expressDb\\src\\services\\product.service.js": {"path":"D:\\ENIGMA\\Improve\\expressDb\\src\\services\\product.service.js","statementMap":{"0":{"start":{"line":1,"column":15},"end":{"line":1,"column":32}},"1":{"start":{"line":2,"column":17},"end":{"line":2,"column":47}},"2":{"start":{"line":6,"column":0},"end":{"line":6,"column":15}},"3":{"start":{"line":10,"column":8},"end":{"line":10,"column":31}},"4":{"start":{"line":15,"column":8},"end":{"line":23,"column":9}},"5":{"start":{"line":16,"column":12},"end":{"line":16,"column":49}},"6":{"start":{"line":18,"column":12},"end":{"line":21,"column":14}},"7":{"start":{"line":22,"column":12},"end":{"line":22,"column":30}},"8":{"start":{"line":23,"column":10},"end":{"line":23,"column":24}},"9":{"start":{"line":28,"column":8},"end":{"line":39,"column":9}},"10":{"start":{"line":29,"column":12},"end":{"line":32,"column":15}},"11":{"start":{"line":34,"column":12},"end":{"line":37,"column":14}},"12":{"start":{"line":38,"column":12},"end":{"line":38,"column":30}},"13":{"start":{"line":39,"column":10},"end":{"line":39,"column":23}},"14":{"start":{"line":47,"column":8},"end":{"line":63,"column":9}},"15":{"start":{"line":48,"column":12},"end":{"line":54,"column":14}},"16":{"start":{"line":58,"column":12},"end":{"line":61,"column":14}},"17":{"start":{"line":63,"column":10},"end":{"line":63,"column":23}},"18":{"start":{"line":68,"column":24},"end":{"line":68,"column":62}},"19":{"start":{"line":69,"column":8},"end":{"line":77,"column":9}},"20":{"start":{"line":70,"column":12},"end":{"line":70,"column":45}},"21":{"start":{"line":72,"column":12},"end":{"line":75,"column":14}},"22":{"start":{"line":77,"column":10},"end":{"line":77,"column":23}},"23":{"start":{"line":81,"column":0},"end":{"line":81,"column":32}}},"fnMap":{"0":{"name":"(anonymous_0)","decl":{"start":{"line":9,"column":4},"end":{"line":9,"column":5}},"loc":{"start":{"line":9,"column":25},"end":{"line":11,"column":5}},"line":9},"1":{"name":"(anonymous_1)","decl":{"start":{"line":13,"column":4},"end":{"line":13,"column":5}},"loc":{"start":{"line":13,"column":26},"end":{"line":24,"column":5}},"line":13},"2":{"name":"(anonymous_2)","decl":{"start":{"line":26,"column":4},"end":{"line":26,"column":5}},"loc":{"start":{"line":26,"column":33},"end":{"line":40,"column":5}},"line":26},"3":{"name":"(anonymous_3)","decl":{"start":{"line":42,"column":4},"end":{"line":42,"column":5}},"loc":{"start":{"line":42,"column":38},"end":{"line":64,"column":5}},"line":42},"4":{"name":"(anonymous_4)","decl":{"start":{"line":66,"column":4},"end":{"line":66,"column":5}},"loc":{"start":{"line":66,"column":35},"end":{"line":78,"column":5}},"line":66}},"branchMap":{},"s":{"0":3,"1":3,"2":3,"3":3,"4":3,"5":3,"6":1,"7":1,"8":2,"9":3,"10":3,"11":1,"12":1,"13":2,"14":2,"15":2,"16":1,"17":2,"18":2,"19":1,"20":1,"21":1,"22":1,"23":3},"f":{"0":3,"1":3,"2":3,"3":2,"4":2},"b":{},"_coverageSchema":"1a1c01bbd47fc00a2c39e90264f33305004495a9","hash":"64c31f34fde81bb643865ff4fcaced805b69f02d"}
,"D:\\ENIGMA\\Improve\\expressDb\\src\\services\\transaction.service.js": {"path":"D:\\ENIGMA\\Improve\\expressDb\\src\\services\\transaction.service.js","statementMap":{"0":{"start":{"line":1,"column":15},"end":{"line":1,"column":32}},"1":{"start":{"line":2,"column":17},"end":{"line":2,"column":47}},"2":{"start":{"line":4,"column":0},"end":{"line":4,"column":15}},"3":{"start":{"line":8,"column":8},"end":{"line":8,"column":39}},"4":{"start":{"line":13,"column":8},"end":{"line":21,"column":9}},"5":{"start":{"line":14,"column":12},"end":{"line":14,"column":53}},"6":{"start":{"line":16,"column":12},"end":{"line":19,"column":14}},"7":{"start":{"line":20,"column":12},"end":{"line":20,"column":30}},"8":{"start":{"line":21,"column":10},"end":{"line":21,"column":23}},"9":{"start":{"line":26,"column":8},"end":{"line":40,"column":9}},"10":{"start":{"line":27,"column":12},"end":{"line":33,"column":14}},"11":{"start":{"line":35,"column":12},"end":{"line":38,"column":14}},"12":{"start":{"line":40,"column":10},"end":{"line":40,"column":23}},"13":{"start":{"line":45,"column":8},"end":{"line":61,"column":9}},"14":{"start":{"line":46,"column":12},"end":{"line":54,"column":14}},"15":{"start":{"line":56,"column":12},"end":{"line":59,"column":14}},"16":{"start":{"line":60,"column":12},"end":{"line":60,"column":30}},"17":{"start":{"line":61,"column":10},"end":{"line":61,"column":23}},"18":{"start":{"line":66,"column":28},"end":{"line":66,"column":74}},"19":{"start":{"line":67,"column":8},"end":{"line":74,"column":9}},"20":{"start":{"line":68,"column":12},"end":{"line":68,"column":49}},"21":{"start":{"line":70,"column":12},"end":{"line":73,"column":14}},"22":{"start":{"line":74,"column":10},"end":{"line":74,"column":23}},"23":{"start":{"line":78,"column":0},"end":{"line":78,"column":36}}},"fnMap":{"0":{"name":"(anonymous_0)","decl":{"start":{"line":7,"column":4},"end":{"line":7,"column":5}},"loc":{"start":{"line":7,"column":29},"end":{"line":9,"column":5}},"line":7},"1":{"name":"(anonymous_1)","decl":{"start":{"line":11,"column":4},"end":{"line":11,"column":5}},"loc":{"start":{"line":11,"column":30},"end":{"line":22,"column":5}},"line":11},"2":{"name":"(anonymous_2)","decl":{"start":{"line":24,"column":4},"end":{"line":24,"column":5}},"loc":{"start":{"line":24,"column":41},"end":{"line":41,"column":5}},"line":24},"3":{"name":"(anonymous_3)","decl":{"start":{"line":43,"column":4},"end":{"line":43,"column":5}},"loc":{"start":{"line":43,"column":46},"end":{"line":62,"column":5}},"line":43},"4":{"name":"(anonymous_4)","decl":{"start":{"line":64,"column":4},"end":{"line":64,"column":5}},"loc":{"start":{"line":64,"column":43},"end":{"line":75,"column":5}},"line":64}},"branchMap":{},"s":{"0":3,"1":3,"2":3,"3":3,"4":2,"5":2,"6":1,"7":1,"8":1,"9":3,"10":3,"11":2,"12":3,"13":2,"14":2,"15":1,"16":1,"17":1,"18":2,"19":1,"20":1,"21":1,"22":1,"23":3},"f":{"0":3,"1":2,"2":3,"3":2,"4":2},"b":{},"_coverageSchema":"1a1c01bbd47fc00a2c39e90264f33305004495a9","hash":"4ec96f1f4d8957cb19deb3f0538224df80eb4fc9"}
}
